2025-06-08 03:30:06,075 INFO [background-preinit] o.h.validator.internal.util.Version [Version.java : 21] HV000001: Hibernate Validator 6.2.5.Final
2025-06-08 03:30:06,104 INFO [main] com.hmdp.HmDianPingApplication [StartupInfoLogger.java : 55] Starting HmDianPingApplication using Java 1.8.0_202 on WIN-MHT4EA9NTDO with PID 1200 (D:\workspace\hmdp\target\classes started by Administrator in D:\workspace\hmdp)
2025-06-08 03:30:06,108 INFO [main] com.hmdp.HmDianPingApplication [SpringApplication.java : 631] No active profile set, falling back to 1 default profile: "default"
2025-06-08 03:30:07,003 INFO [main] o.s.d.r.c.RepositoryConfigurationDelegate [RepositoryConfigurationDelegate.java : 262] Multiple Spring Data modules found, entering strict repository configuration mode
2025-06-08 03:30:07,007 INFO [main] o.s.d.r.c.RepositoryConfigurationDelegate [RepositoryConfigurationDelegate.java : 132] Bootstrapping Spring Data Redis repositories in DEFAULT mode.
2025-06-08 03:30:07,056 INFO [main] o.s.d.r.c.RepositoryConfigurationDelegate [RepositoryConfigurationDelegate.java : 201] Finished Spring Data repository scanning in 31 ms. Found 0 Redis repository interfaces.
2025-06-08 03:30:08,282 INFO [main] o.s.b.w.e.tomcat.TomcatWebServer [TomcatWebServer.java : 108] Tomcat initialized with port(s): 8081 (http)
2025-06-08 03:30:08,292 INFO [main] o.a.coyote.http11.Http11NioProtocol [DirectJDKLog.java : 173] Initializing ProtocolHandler ["http-nio-8081"]
2025-06-08 03:30:08,295 INFO [main] o.a.catalina.core.StandardService [DirectJDKLog.java : 173] Starting service [Tomcat]
2025-06-08 03:30:08,295 INFO [main] o.a.catalina.core.StandardEngine [DirectJDKLog.java : 173] Starting Servlet engine: [Apache Tomcat/9.0.79]
2025-06-08 03:30:08,412 INFO [main] o.a.c.c.C.[Tomcat].[localhost].[/] [DirectJDKLog.java : 173] Initializing Spring embedded WebApplicationContext
2025-06-08 03:30:08,413 INFO [main] o.s.b.w.s.c.ServletWebServerApplicationContext [ServletWebServerApplicationContext.java : 292] Root WebApplicationContext: initialization completed in 2253 ms
2025-06-08 03:30:10,607 INFO [pool-3-thread-1] c.hmdp.service.impl.ShopServiceImpl [ShopServiceImpl.java : 427] 开始预热热点商铺缓存...
2025-06-08 03:30:10,700 INFO [pool-3-thread-1] com.zaxxer.hikari.HikariDataSource [HikariDataSource.java : 110] HikariPool-1 - Starting...
2025-06-08 03:30:10,937 INFO [pool-3-thread-1] com.zaxxer.hikari.HikariDataSource [HikariDataSource.java : 123] HikariPool-1 - Start completed.
2025-06-08 03:30:11,320 INFO [main] org.redisson.Version [Version.java : 41] Redisson 3.13.6
2025-06-08 03:30:11,535 INFO [redisson-netty-4-16] o.r.c.p.MasterPubSubConnectionPool [ConnectionPool.java : 167] 1 connections initialized for /127.0.0.1:6379
2025-06-08 03:30:11,554 INFO [redisson-netty-4-17] o.r.c.pool.MasterConnectionPool [ConnectionPool.java : 167] 24 connections initialized for /127.0.0.1:6379
2025-06-08 03:30:11,575 INFO [pool-3-thread-1] c.hmdp.service.impl.ShopServiceImpl [ShopServiceImpl.java : 406] 商铺缓存预热成功，id=1, 过期时间=26秒
2025-06-08 03:30:11,790 INFO [pool-3-thread-1] c.hmdp.service.impl.ShopServiceImpl [ShopServiceImpl.java : 406] 商铺缓存预热成功，id=2, 过期时间=24秒
2025-06-08 03:30:11,844 INFO [main] s.d.s.w.WebMvcPropertySourcedRequestMappingHandlerMapping [WebMvcPropertySourcedRequestMappingHandlerMapping.java : 69] Mapped URL path [/v2/api-docs] onto method [springfox.documentation.swagger2.web.Swagger2ControllerWebMvc#getDocumentation(String, HttpServletRequest)]
2025-06-08 03:30:12,009 INFO [pool-3-thread-1] c.hmdp.service.impl.ShopServiceImpl [ShopServiceImpl.java : 406] 商铺缓存预热成功，id=3, 过期时间=22秒
2025-06-08 03:30:12,228 INFO [pool-3-thread-1] c.hmdp.service.impl.ShopServiceImpl [ShopServiceImpl.java : 406] 商铺缓存预热成功，id=4, 过期时间=26秒
2025-06-08 03:30:12,274 INFO [main] o.a.coyote.http11.Http11NioProtocol [DirectJDKLog.java : 173] Starting ProtocolHandler ["http-nio-8081"]
2025-06-08 03:30:12,294 INFO [main] o.s.b.w.e.tomcat.TomcatWebServer [TomcatWebServer.java : 220] Tomcat started on port(s): 8081 (http) with context path ''
2025-06-08 03:30:12,296 INFO [main] s.d.s.w.p.DocumentationPluginsBootstrapper [DocumentationPluginsBootstrapper.java : 93] Documentation plugins bootstrapped
2025-06-08 03:30:12,301 INFO [main] s.d.s.w.p.DocumentationPluginsBootstrapper [AbstractDocumentationPluginsBootstrapper.java : 79] Found 1 custom documentation plugin(s)
2025-06-08 03:30:12,366 INFO [main] s.d.s.w.s.ApiListingReferenceScanner [ApiListingReferenceScanner.java : 44] Scanning for api listing references
2025-06-08 03:30:12,443 INFO [pool-3-thread-1] c.hmdp.service.impl.ShopServiceImpl [ShopServiceImpl.java : 406] 商铺缓存预热成功，id=5, 过期时间=26秒
2025-06-08 03:30:12,574 INFO [main] s.d.s.w.r.o.CachingOperationNameGenerator [CachingOperationNameGenerator.java : 41] Generating unique operation named: getMerchantShopsUsingGET_1
2025-06-08 03:30:12,662 INFO [pool-3-thread-1] c.hmdp.service.impl.ShopServiceImpl [ShopServiceImpl.java : 406] 商铺缓存预热成功，id=6, 过期时间=25秒
2025-06-08 03:30:12,685 INFO [main] s.d.s.w.r.o.CachingOperationNameGenerator [CachingOperationNameGenerator.java : 41] Generating unique operation named: getMerchantShopsUsingGET_2
2025-06-08 03:30:12,691 INFO [main] s.d.s.w.r.o.CachingOperationNameGenerator [CachingOperationNameGenerator.java : 41] Generating unique operation named: loginUsingPOST_1
2025-06-08 03:30:12,694 INFO [main] s.d.s.w.r.o.CachingOperationNameGenerator [CachingOperationNameGenerator.java : 41] Generating unique operation named: logoutUsingPOST_1
2025-06-08 03:30:12,764 INFO [main] s.d.s.w.r.o.CachingOperationNameGenerator [CachingOperationNameGenerator.java : 41] Generating unique operation named: deleteCommentUsingDELETE_1
2025-06-08 03:30:12,776 INFO [main] s.d.s.w.r.o.CachingOperationNameGenerator [CachingOperationNameGenerator.java : 41] Generating unique operation named: updateShopUsingPUT_1
2025-06-08 03:30:12,788 INFO [main] s.d.s.w.r.o.CachingOperationNameGenerator [CachingOperationNameGenerator.java : 41] Generating unique operation named: infoUsingGET_1
2025-06-08 03:30:12,792 INFO [main] s.d.s.w.r.o.CachingOperationNameGenerator [CachingOperationNameGenerator.java : 41] Generating unique operation named: loginUsingPOST_2
2025-06-08 03:30:12,794 INFO [main] s.d.s.w.r.o.CachingOperationNameGenerator [CachingOperationNameGenerator.java : 41] Generating unique operation named: logoutUsingPOST_2
2025-06-08 03:30:12,799 INFO [main] s.d.s.w.r.o.CachingOperationNameGenerator [CachingOperationNameGenerator.java : 41] Generating unique operation named: sendCodeUsingPOST_1
2025-06-08 03:30:12,825 INFO [main] com.hmdp.HmDianPingApplication [StartupInfoLogger.java : 61] Started HmDianPingApplication in 7.142 seconds (JVM running for 7.619)
2025-06-08 03:30:12,876 INFO [pool-3-thread-1] c.hmdp.service.impl.ShopServiceImpl [ShopServiceImpl.java : 406] 商铺缓存预热成功，id=7, 过期时间=26秒
2025-06-08 03:30:13,093 INFO [pool-3-thread-1] c.hmdp.service.impl.ShopServiceImpl [ShopServiceImpl.java : 406] 商铺缓存预热成功，id=8, 过期时间=24秒
2025-06-08 03:30:13,315 INFO [pool-3-thread-1] c.hmdp.service.impl.ShopServiceImpl [ShopServiceImpl.java : 406] 商铺缓存预热成功，id=9, 过期时间=21秒
2025-06-08 03:30:13,528 INFO [pool-3-thread-1] c.hmdp.service.impl.ShopServiceImpl [ShopServiceImpl.java : 406] 商铺缓存预热成功，id=10, 过期时间=28秒
2025-06-08 03:30:13,748 INFO [pool-3-thread-1] c.hmdp.service.impl.ShopServiceImpl [ShopServiceImpl.java : 406] 商铺缓存预热成功，id=11, 过期时间=24秒
2025-06-08 03:30:13,964 INFO [pool-3-thread-1] c.hmdp.service.impl.ShopServiceImpl [ShopServiceImpl.java : 406] 商铺缓存预热成功，id=12, 过期时间=25秒
2025-06-08 03:30:14,183 INFO [pool-3-thread-1] c.hmdp.service.impl.ShopServiceImpl [ShopServiceImpl.java : 406] 商铺缓存预热成功，id=13, 过期时间=20秒
2025-06-08 03:30:14,400 INFO [pool-3-thread-1] c.hmdp.service.impl.ShopServiceImpl [ShopServiceImpl.java : 406] 商铺缓存预热成功，id=14, 过期时间=26秒
2025-06-08 03:30:14,416 INFO [pool-3-thread-1] c.hmdp.service.impl.ShopServiceImpl [ShopServiceImpl.java : 506] 开始预热热门商铺评论缓存，共14个商铺
2025-06-08 03:30:14,604 INFO [pool-3-thread-1] c.hmdp.service.impl.ShopServiceImpl [ShopServiceImpl.java : 527] 商铺评论缓存预热成功，shopId=1
2025-06-08 03:30:14,667 INFO [pool-3-thread-1] c.hmdp.service.impl.ShopServiceImpl [ShopServiceImpl.java : 527] 商铺评论缓存预热成功，shopId=2
2025-06-08 03:30:14,719 INFO [pool-3-thread-1] c.hmdp.service.impl.ShopServiceImpl [ShopServiceImpl.java : 527] 商铺评论缓存预热成功，shopId=3
2025-06-08 03:30:14,753 INFO [pool-3-thread-1] c.hmdp.service.impl.ShopServiceImpl [ShopServiceImpl.java : 527] 商铺评论缓存预热成功，shopId=4
2025-06-08 03:30:14,786 INFO [pool-3-thread-1] c.hmdp.service.impl.ShopServiceImpl [ShopServiceImpl.java : 527] 商铺评论缓存预热成功，shopId=5
2025-06-08 03:30:14,820 INFO [pool-3-thread-1] c.hmdp.service.impl.ShopServiceImpl [ShopServiceImpl.java : 527] 商铺评论缓存预热成功，shopId=6
2025-06-08 03:30:14,847 INFO [pool-3-thread-1] c.hmdp.service.impl.ShopServiceImpl [ShopServiceImpl.java : 527] 商铺评论缓存预热成功，shopId=7
2025-06-08 03:30:14,874 INFO [pool-3-thread-1] c.hmdp.service.impl.ShopServiceImpl [ShopServiceImpl.java : 527] 商铺评论缓存预热成功，shopId=8
2025-06-08 03:30:14,900 INFO [pool-3-thread-1] c.hmdp.service.impl.ShopServiceImpl [ShopServiceImpl.java : 527] 商铺评论缓存预热成功，shopId=9
2025-06-08 03:30:14,922 INFO [pool-3-thread-1] c.hmdp.service.impl.ShopServiceImpl [ShopServiceImpl.java : 527] 商铺评论缓存预热成功，shopId=10
2025-06-08 03:30:14,947 INFO [pool-3-thread-1] c.hmdp.service.impl.ShopServiceImpl [ShopServiceImpl.java : 527] 商铺评论缓存预热成功，shopId=11
2025-06-08 03:30:14,970 INFO [pool-3-thread-1] c.hmdp.service.impl.ShopServiceImpl [ShopServiceImpl.java : 527] 商铺评论缓存预热成功，shopId=12
2025-06-08 03:30:14,994 INFO [pool-3-thread-1] c.hmdp.service.impl.ShopServiceImpl [ShopServiceImpl.java : 527] 商铺评论缓存预热成功，shopId=13
2025-06-08 03:30:15,017 INFO [pool-3-thread-1] c.hmdp.service.impl.ShopServiceImpl [ShopServiceImpl.java : 527] 商铺评论缓存预热成功，shopId=14
2025-06-08 03:30:15,018 INFO [pool-3-thread-1] c.hmdp.service.impl.ShopServiceImpl [ShopServiceImpl.java : 533] 商铺评论缓存预热完成，成功14个，失败0个
2025-06-08 03:30:15,018 INFO [pool-3-thread-1] c.hmdp.service.impl.ShopServiceImpl [ShopServiceImpl.java : 437] 热点商铺缓存预热完成
2025-06-08 03:30:32,350 INFO [http-nio-8081-exec-3] o.a.c.c.C.[Tomcat].[localhost].[/] [DirectJDKLog.java : 173] Initializing Spring DispatcherServlet 'dispatcherServlet'
2025-06-08 03:30:32,351 INFO [http-nio-8081-exec-3] o.s.web.servlet.DispatcherServlet [FrameworkServlet.java : 525] Initializing Servlet 'dispatcherServlet'
2025-06-08 03:30:32,354 INFO [http-nio-8081-exec-3] o.s.web.servlet.DispatcherServlet [FrameworkServlet.java : 547] Completed initialization in 2 ms
2025-06-08 03:30:32,471 INFO [http-nio-8081-exec-3] c.h.c.AdminShopTypeController [AdminShopTypeController.java : 42] 管理员获取所有商户分类
2025-06-08 03:30:32,489 INFO [http-nio-8081-exec-2] c.h.c.AdminMerchantShopController [AdminMerchantShopController.java : 68] 管理员获取商户店铺列表，页码：1，每页大小：10，关键词：null，商户ID：null，状态：null，分类ID：null
2025-06-08 03:30:32,490 INFO [http-nio-8081-exec-1] c.h.c.AdminMerchantController [AdminMerchantController.java : 71] 管理员获取商户列表，页码：1，每页大小：1000，关键词：null，状态：null，分类ID：null
2025-06-08 03:30:36,543 INFO [http-nio-8081-exec-4] c.hmdp.service.impl.BlogServiceImpl [BlogServiceImpl.java : 307] 开始查询关注博客列表，max=1749324696231，offset=0，authorId=null
2025-06-08 03:30:36,545 INFO [http-nio-8081-exec-4] c.hmdp.service.impl.BlogServiceImpl [BlogServiceImpl.java : 317] 当前用户ID: 1023
2025-06-08 03:30:36,547 INFO [http-nio-8081-exec-4] c.hmdp.service.impl.BlogServiceImpl [BlogServiceImpl.java : 331] 查询Redis键: feed:1023
2025-06-08 03:30:36,564 INFO [http-nio-8081-exec-4] c.hmdp.service.impl.BlogServiceImpl [BlogServiceImpl.java : 346] 从收件箱查询到 8 条博客记录
2025-06-08 03:30:36,566 INFO [http-nio-8081-exec-4] c.hmdp.service.impl.BlogServiceImpl [BlogServiceImpl.java : 387] 解析得到 8 个有效博客ID，minTime=1748348720765，offset=1
2025-06-08 03:30:36,578 INFO [http-nio-8081-exec-4] c.hmdp.service.impl.BlogServiceImpl [BlogServiceImpl.java : 392] 从数据库查询到 3 条博客记录
2025-06-08 03:30:36,582 INFO [http-nio-8081-exec-4] c.hmdp.service.impl.BlogServiceImpl [BlogServiceImpl.java : 405] 用户已读博客数量: 10
2025-06-08 03:30:36,608 INFO [http-nio-8081-exec-4] c.hmdp.service.impl.BlogServiceImpl [BlogServiceImpl.java : 473] 查询关注博客列表成功，userId=1023，返回博客数量=3，minTime=1748348720765，offset=1
