2025-01-31T15:53:39.839 INFO  console - Installing service 'nginx (nginx)'...
2025-01-31T15:53:39.898 INFO  console - Service 'nginx (nginx)' was installed successfully.
2025-02-09T15:50:18.108 DEBUG console - Starting WinSW in service mode.
2025-02-09T15:50:18.167 INFO  service - Starting D:\workspace\hmdp-front\nginx-1.18.0\nginx.exe
2025-02-09T15:50:18.928 INFO  service - Started process nginx (4420).
2025-02-09T15:50:18.980 INFO  service - Service started successfully.
2025-02-12T18:16:11.797 INFO  service - Stopping nginx
2025-02-12T18:16:11.811 ERROR service - Failed to shut down service.
System.InvalidOperationException: UpdatePendingStatus can only be called during the handling of Start, Stop, Pause and Continue commands.
   at System.ServiceProcess.ServiceBase.RequestAdditionalTime(Int32)
   at WinSW.WrapperService.SignalPending()
   at WinSW.WrapperService.DoStop()
   at WinSW.WrapperService.OnShutdown()
2025-02-12T18:16:34.605 DEBUG console - Starting WinSW in service mode.
2025-02-12T18:16:34.679 INFO  service - Starting D:\workspace\hmdp-front\nginx-1.18.0\nginx.exe
2025-02-12T18:16:35.401 INFO  service - Started process nginx (8332).
2025-02-12T18:16:35.453 INFO  service - Service started successfully.
2025-02-16T19:55:06.505 INFO  service - Stopping nginx
2025-02-16T19:55:06.522 ERROR service - Failed to shut down service.
System.InvalidOperationException: UpdatePendingStatus can only be called during the handling of Start, Stop, Pause and Continue commands.
   at System.ServiceProcess.ServiceBase.RequestAdditionalTime(Int32)
   at WinSW.WrapperService.SignalPending()
   at WinSW.WrapperService.DoStop()
   at WinSW.WrapperService.OnShutdown()
2025-02-16T19:55:46.296 DEBUG console - Starting WinSW in service mode.
2025-02-16T19:55:46.378 INFO  service - Starting D:\workspace\hmdp-front\nginx-1.18.0\nginx.exe
2025-02-16T19:55:47.121 INFO  service - Started process nginx (8496).
2025-02-16T19:55:47.172 INFO  service - Service started successfully.
2025-02-20T01:00:35.088 INFO  service - Stopping nginx
2025-02-20T01:00:35.109 ERROR service - Failed to shut down service.
System.InvalidOperationException: UpdatePendingStatus can only be called during the handling of Start, Stop, Pause and Continue commands.
   at System.ServiceProcess.ServiceBase.RequestAdditionalTime(Int32)
   at WinSW.WrapperService.SignalPending()
   at WinSW.WrapperService.DoStop()
   at WinSW.WrapperService.OnShutdown()
2025-02-20T01:01:00.459 DEBUG console - Starting WinSW in service mode.
2025-02-20T01:01:00.511 INFO  service - Starting D:\workspace\hmdp-front\nginx-1.18.0\nginx.exe
2025-02-20T01:01:01.153 INFO  service - Started process nginx (7908).
2025-02-20T01:01:01.198 INFO  service - Service started successfully.
2025-02-20T22:24:26.306 INFO  service - Stopping nginx
2025-02-20T22:24:26.317 ERROR service - Failed to shut down service.
System.InvalidOperationException: UpdatePendingStatus can only be called during the handling of Start, Stop, Pause and Continue commands.
   at System.ServiceProcess.ServiceBase.RequestAdditionalTime(Int32)
   at WinSW.WrapperService.SignalPending()
   at WinSW.WrapperService.DoStop()
   at WinSW.WrapperService.OnShutdown()
2025-02-20T22:24:51.589 DEBUG console - Starting WinSW in service mode.
2025-02-20T22:24:51.639 INFO  service - Starting D:\workspace\hmdp-front\nginx-1.18.0\nginx.exe
2025-02-20T22:24:52.534 INFO  service - Started process nginx (9012).
2025-02-20T22:24:52.598 INFO  service - Service started successfully.
2025-02-21T02:35:59.043 INFO  service - Stopping nginx
2025-02-21T02:35:59.066 ERROR service - Failed to shut down service.
System.InvalidOperationException: UpdatePendingStatus can only be called during the handling of Start, Stop, Pause and Continue commands.
   at System.ServiceProcess.ServiceBase.RequestAdditionalTime(Int32)
   at WinSW.WrapperService.SignalPending()
   at WinSW.WrapperService.DoStop()
   at WinSW.WrapperService.OnShutdown()
2025-02-21T12:50:08.597 DEBUG console - Starting WinSW in service mode.
2025-02-21T12:50:08.689 INFO  service - Starting D:\workspace\hmdp-front\nginx-1.18.0\nginx.exe
2025-02-21T12:50:09.963 INFO  service - Started process nginx (8972).
2025-02-21T12:50:10.056 INFO  service - Service started successfully.
2025-02-21T19:52:43.513 INFO  service - Stopping nginx
2025-02-21T19:52:43.532 ERROR service - Failed to shut down service.
System.InvalidOperationException: UpdatePendingStatus can only be called during the handling of Start, Stop, Pause and Continue commands.
   at System.ServiceProcess.ServiceBase.RequestAdditionalTime(Int32)
   at WinSW.WrapperService.SignalPending()
   at WinSW.WrapperService.DoStop()
   at WinSW.WrapperService.OnShutdown()
2025-02-21T21:18:52.537 DEBUG console - Starting WinSW in service mode.
2025-02-21T21:18:52.610 INFO  service - Starting D:\workspace\hmdp-front\nginx-1.18.0\nginx.exe
2025-02-21T21:18:53.540 INFO  service - Started process nginx (9180).
2025-02-21T21:18:53.598 INFO  service - Service started successfully.
2025-02-22T00:54:33.299 INFO  service - Stopping nginx
2025-02-22T00:54:33.309 ERROR service - Failed to shut down service.
System.InvalidOperationException: UpdatePendingStatus can only be called during the handling of Start, Stop, Pause and Continue commands.
   at System.ServiceProcess.ServiceBase.RequestAdditionalTime(Int32)
   at WinSW.WrapperService.SignalPending()
   at WinSW.WrapperService.DoStop()
   at WinSW.WrapperService.OnShutdown()
2025-02-22T00:54:57.397 DEBUG console - Starting WinSW in service mode.
2025-02-22T00:54:57.452 INFO  service - Starting D:\workspace\hmdp-front\nginx-1.18.0\nginx.exe
2025-02-22T00:54:58.328 INFO  service - Started process nginx (9092).
2025-02-22T00:54:58.383 INFO  service - Service started successfully.
2025-02-22T22:47:33.131 INFO  service - Stopping nginx
2025-02-22T22:47:33.145 ERROR service - Failed to shut down service.
System.InvalidOperationException: UpdatePendingStatus can only be called during the handling of Start, Stop, Pause and Continue commands.
   at System.ServiceProcess.ServiceBase.RequestAdditionalTime(Int32)
   at WinSW.WrapperService.SignalPending()
   at WinSW.WrapperService.DoStop()
   at WinSW.WrapperService.OnShutdown()
2025-02-23T17:14:37.943 DEBUG console - Starting WinSW in service mode.
2025-02-23T17:14:38.005 INFO  service - Starting D:\workspace\hmdp-front\nginx-1.18.0\nginx.exe
2025-02-23T17:14:39.001 INFO  service - Started process nginx (9108).
2025-02-23T17:14:39.080 INFO  service - Service started successfully.
2025-02-28T17:00:47.164 INFO  service - Stopping nginx
2025-02-28T17:00:47.182 ERROR service - Failed to shut down service.
System.InvalidOperationException: UpdatePendingStatus can only be called during the handling of Start, Stop, Pause and Continue commands.
   at System.ServiceProcess.ServiceBase.RequestAdditionalTime(Int32)
   at WinSW.WrapperService.SignalPending()
   at WinSW.WrapperService.DoStop()
   at WinSW.WrapperService.OnShutdown()
2025-02-28T17:01:14.072 DEBUG console - Starting WinSW in service mode.
2025-02-28T17:01:14.129 INFO  service - Starting D:\workspace\hmdp-front\nginx-1.18.0\nginx.exe
2025-02-28T17:01:14.797 INFO  service - Started process nginx (8488).
2025-02-28T17:01:14.841 INFO  service - Service started successfully.
2025-02-28T17:19:35.964 INFO  service - Stopping nginx
2025-02-28T17:19:35.967 ERROR service - Failed to shut down service.
System.InvalidOperationException: UpdatePendingStatus can only be called during the handling of Start, Stop, Pause and Continue commands.
   at System.ServiceProcess.ServiceBase.RequestAdditionalTime(Int32)
   at WinSW.WrapperService.SignalPending()
   at WinSW.WrapperService.DoStop()
   at WinSW.WrapperService.OnShutdown()
2025-02-28T17:20:01.355 DEBUG console - Starting WinSW in service mode.
2025-02-28T17:20:01.425 INFO  service - Starting D:\workspace\hmdp-front\nginx-1.18.0\nginx.exe
2025-02-28T17:20:02.351 INFO  service - Started process nginx (9004).
2025-02-28T17:20:02.407 INFO  service - Service started successfully.
2025-02-28T17:25:48.626 INFO  service - Stopping nginx
2025-02-28T17:25:48.633 ERROR service - Failed to shut down service.
System.InvalidOperationException: UpdatePendingStatus can only be called during the handling of Start, Stop, Pause and Continue commands.
   at System.ServiceProcess.ServiceBase.RequestAdditionalTime(Int32)
   at WinSW.WrapperService.SignalPending()
   at WinSW.WrapperService.DoStop()
   at WinSW.WrapperService.OnShutdown()
2025-02-28T17:26:14.253 DEBUG console - Starting WinSW in service mode.
2025-02-28T17:26:14.301 INFO  service - Starting D:\workspace\hmdp-front\nginx-1.18.0\nginx.exe
2025-02-28T17:26:15.008 INFO  service - Started process nginx (8208).
2025-02-28T17:26:15.082 INFO  service - Service started successfully.
2025-02-28T17:32:00.161 INFO  service - Stopping nginx
2025-02-28T17:32:00.166 ERROR service - Failed to shut down service.
System.InvalidOperationException: UpdatePendingStatus can only be called during the handling of Start, Stop, Pause and Continue commands.
   at System.ServiceProcess.ServiceBase.RequestAdditionalTime(Int32)
   at WinSW.WrapperService.SignalPending()
   at WinSW.WrapperService.DoStop()
   at WinSW.WrapperService.OnShutdown()
2025-02-28T17:32:22.785 DEBUG console - Starting WinSW in service mode.
2025-02-28T17:32:22.847 INFO  service - Starting D:\workspace\hmdp-front\nginx-1.18.0\nginx.exe
2025-02-28T17:32:23.650 INFO  service - Started process nginx (9044).
2025-02-28T17:32:23.698 INFO  service - Service started successfully.
2025-03-01T05:08:54.046 INFO  service - Stopping nginx
2025-03-01T05:08:54.058 ERROR service - Failed to shut down service.
System.InvalidOperationException: UpdatePendingStatus can only be called during the handling of Start, Stop, Pause and Continue commands.
   at System.ServiceProcess.ServiceBase.RequestAdditionalTime(Int32)
   at WinSW.WrapperService.SignalPending()
   at WinSW.WrapperService.DoStop()
   at WinSW.WrapperService.OnShutdown()
2025-03-01T05:13:01.451 DEBUG console - Starting WinSW in service mode.
2025-03-01T05:13:01.529 INFO  service - Starting D:\workspace\hmdp-front\nginx-1.18.0\nginx.exe
2025-03-01T05:13:02.553 INFO  service - Started process nginx (9276).
2025-03-01T05:13:02.613 INFO  service - Service started successfully.
2025-03-01T05:52:37.002 INFO  service - Stopping nginx
2025-03-01T05:52:37.014 ERROR service - Failed to shut down service.
System.InvalidOperationException: UpdatePendingStatus can only be called during the handling of Start, Stop, Pause and Continue commands.
   at System.ServiceProcess.ServiceBase.RequestAdditionalTime(Int32)
   at WinSW.WrapperService.SignalPending()
   at WinSW.WrapperService.DoStop()
   at WinSW.WrapperService.OnShutdown()
2025-03-01T16:45:52.521 DEBUG console - Starting WinSW in service mode.
2025-03-01T16:45:52.595 INFO  service - Starting D:\workspace\hmdp-front\nginx-1.18.0\nginx.exe
2025-03-01T16:45:53.743 INFO  service - Started process nginx (9340).
2025-03-01T16:45:53.799 INFO  service - Service started successfully.
2025-03-01T18:15:32.124 INFO  service - Stopping nginx
2025-03-01T18:15:32.131 ERROR service - Failed to shut down service.
System.InvalidOperationException: UpdatePendingStatus can only be called during the handling of Start, Stop, Pause and Continue commands.
   at System.ServiceProcess.ServiceBase.RequestAdditionalTime(Int32)
   at WinSW.WrapperService.SignalPending()
   at WinSW.WrapperService.DoStop()
   at WinSW.WrapperService.OnShutdown()
2025-03-01T18:15:58.895 DEBUG console - Starting WinSW in service mode.
2025-03-01T18:15:58.968 INFO  service - Starting D:\workspace\hmdp-front\nginx-1.18.0\nginx.exe
2025-03-01T18:15:59.705 INFO  service - Started process nginx (8512).
2025-03-01T18:15:59.753 INFO  service - Service started successfully.
2025-03-01T18:25:59.388 INFO  service - Stopping nginx
2025-03-01T18:25:59.399 ERROR service - Failed to shut down service.
System.InvalidOperationException: UpdatePendingStatus can only be called during the handling of Start, Stop, Pause and Continue commands.
   at System.ServiceProcess.ServiceBase.RequestAdditionalTime(Int32)
   at WinSW.WrapperService.SignalPending()
   at WinSW.WrapperService.DoStop()
   at WinSW.WrapperService.OnShutdown()
2025-03-01T18:26:27.204 DEBUG console - Starting WinSW in service mode.
2025-03-01T18:26:27.278 INFO  service - Starting D:\workspace\hmdp-front\nginx-1.18.0\nginx.exe
2025-03-01T18:26:28.005 INFO  service - Started process nginx (9232).
2025-03-01T18:26:28.059 INFO  service - Service started successfully.
2025-03-01T18:52:20.154 INFO  service - Stopping nginx
2025-03-01T18:52:20.159 ERROR service - Failed to shut down service.
System.InvalidOperationException: UpdatePendingStatus can only be called during the handling of Start, Stop, Pause and Continue commands.
   at System.ServiceProcess.ServiceBase.RequestAdditionalTime(Int32)
   at WinSW.WrapperService.SignalPending()
   at WinSW.WrapperService.DoStop()
   at WinSW.WrapperService.OnShutdown()
2025-03-01T18:52:42.802 DEBUG console - Starting WinSW in service mode.
2025-03-01T18:52:42.867 INFO  service - Starting D:\workspace\hmdp-front\nginx-1.18.0\nginx.exe
2025-03-01T18:52:43.505 INFO  service - Started process nginx (8840).
2025-03-01T18:52:43.551 INFO  service - Service started successfully.
2025-03-02T03:20:25.306 INFO  service - Stopping nginx
2025-03-02T03:20:25.317 ERROR service - Failed to shut down service.
System.InvalidOperationException: UpdatePendingStatus can only be called during the handling of Start, Stop, Pause and Continue commands.
   at System.ServiceProcess.ServiceBase.RequestAdditionalTime(Int32)
   at WinSW.WrapperService.SignalPending()
   at WinSW.WrapperService.DoStop()
   at WinSW.WrapperService.OnShutdown()
2025-03-02T04:43:41.790 DEBUG console - Starting WinSW in service mode.
2025-03-02T04:43:41.934 INFO  service - Starting D:\workspace\hmdp-front\nginx-1.18.0\nginx.exe
2025-03-02T04:43:43.728 INFO  service - Started process nginx (10224).
2025-03-02T04:43:43.807 INFO  service - Service started successfully.
2025-03-02T05:51:01.203 INFO  service - Stopping nginx
2025-03-02T05:51:01.210 ERROR service - Failed to shut down service.
System.InvalidOperationException: UpdatePendingStatus can only be called during the handling of Start, Stop, Pause and Continue commands.
   at System.ServiceProcess.ServiceBase.RequestAdditionalTime(Int32)
   at WinSW.WrapperService.SignalPending()
   at WinSW.WrapperService.DoStop()
   at WinSW.WrapperService.OnShutdown()
2025-03-02T07:06:35.853 DEBUG console - Starting WinSW in service mode.
2025-03-02T07:06:35.922 INFO  service - Starting D:\workspace\hmdp-front\nginx-1.18.0\nginx.exe
2025-03-02T07:06:36.937 INFO  service - Started process nginx (9924).
2025-03-02T07:06:37.012 INFO  service - Service started successfully.
2025-03-02T13:46:25.673 INFO  service - Stopping nginx
2025-03-02T13:46:25.685 ERROR service - Failed to shut down service.
System.InvalidOperationException: UpdatePendingStatus can only be called during the handling of Start, Stop, Pause and Continue commands.
   at System.ServiceProcess.ServiceBase.RequestAdditionalTime(Int32)
   at WinSW.WrapperService.SignalPending()
   at WinSW.WrapperService.DoStop()
   at WinSW.WrapperService.OnShutdown()
2025-03-02T18:09:20.627 DEBUG console - Starting WinSW in service mode.
2025-03-02T18:09:20.712 INFO  service - Starting D:\workspace\hmdp-front\nginx-1.18.0\nginx.exe
2025-03-02T18:09:21.808 INFO  service - Started process nginx (9968).
2025-03-02T18:09:21.873 INFO  service - Service started successfully.
2025-03-04T02:15:32.614 INFO  service - Stopping nginx
2025-03-04T02:15:32.637 ERROR service - Failed to shut down service.
System.InvalidOperationException: UpdatePendingStatus can only be called during the handling of Start, Stop, Pause and Continue commands.
   at System.ServiceProcess.ServiceBase.RequestAdditionalTime(Int32)
   at WinSW.WrapperService.SignalPending()
   at WinSW.WrapperService.DoStop()
   at WinSW.WrapperService.OnShutdown()
2025-03-04T20:15:01.550 DEBUG console - Starting WinSW in service mode.
2025-03-04T20:15:01.634 INFO  service - Starting D:\workspace\hmdp-front\nginx-1.18.0\nginx.exe
2025-03-04T20:15:02.955 INFO  service - Started process nginx (9240).
2025-03-04T20:15:03.001 INFO  service - Service started successfully.
2025-03-05T04:10:30.510 INFO  service - Stopping nginx
2025-03-05T04:10:30.533 ERROR service - Failed to shut down service.
System.InvalidOperationException: UpdatePendingStatus can only be called during the handling of Start, Stop, Pause and Continue commands.
   at System.ServiceProcess.ServiceBase.RequestAdditionalTime(Int32)
   at WinSW.WrapperService.SignalPending()
   at WinSW.WrapperService.DoStop()
   at WinSW.WrapperService.OnShutdown()
2025-03-05T16:49:40.162 DEBUG console - Starting WinSW in service mode.
2025-03-05T16:49:40.232 INFO  service - Starting D:\workspace\hmdp-front\nginx-1.18.0\nginx.exe
2025-03-05T16:49:41.231 INFO  service - Started process nginx (9240).
2025-03-05T16:49:41.295 INFO  service - Service started successfully.
2025-03-05T17:58:22.131 DEBUG console - Starting WinSW in service mode.
2025-03-05T17:58:22.198 INFO  service - Starting D:\workspace\hmdp-front\nginx-1.18.0\nginx.exe
2025-03-05T17:58:22.988 INFO  service - Started process nginx (5432).
2025-03-05T17:58:23.036 INFO  service - Service started successfully.
2025-03-06T00:04:15.085 INFO  service - Stopping nginx
2025-03-06T00:04:15.105 ERROR service - Failed to shut down service.
System.InvalidOperationException: UpdatePendingStatus can only be called during the handling of Start, Stop, Pause and Continue commands.
   at System.ServiceProcess.ServiceBase.RequestAdditionalTime(Int32)
   at WinSW.WrapperService.SignalPending()
   at WinSW.WrapperService.DoStop()
   at WinSW.WrapperService.OnShutdown()
2025-03-06T15:32:16.922 DEBUG console - Starting WinSW in service mode.
2025-03-06T15:32:17.097 INFO  service - Starting D:\workspace\hmdp-front\nginx-1.18.0\nginx.exe
2025-03-06T15:32:18.577 INFO  service - Started process nginx (8944).
2025-03-06T15:32:18.655 INFO  service - Service started successfully.
2025-03-06T19:50:19.986 INFO  service - Stopping nginx
2025-03-06T19:50:20.000 ERROR service - Failed to shut down service.
System.InvalidOperationException: UpdatePendingStatus can only be called during the handling of Start, Stop, Pause and Continue commands.
   at System.ServiceProcess.ServiceBase.RequestAdditionalTime(Int32)
   at WinSW.WrapperService.SignalPending()
   at WinSW.WrapperService.DoStop()
   at WinSW.WrapperService.OnShutdown()
2025-03-07T16:58:39.260 DEBUG console - Starting WinSW in service mode.
2025-03-07T16:58:39.322 INFO  service - Starting D:\workspace\hmdp-front\nginx-1.18.0\nginx.exe
2025-03-07T16:58:40.104 INFO  service - Started process nginx (9228).
2025-03-07T16:58:40.166 INFO  service - Service started successfully.
2025-03-08T22:29:42.808 INFO  service - Stopping nginx
2025-03-08T22:29:42.826 ERROR service - Failed to shut down service.
System.InvalidOperationException: UpdatePendingStatus can only be called during the handling of Start, Stop, Pause and Continue commands.
   at System.ServiceProcess.ServiceBase.RequestAdditionalTime(Int32)
   at WinSW.WrapperService.SignalPending()
   at WinSW.WrapperService.DoStop()
   at WinSW.WrapperService.OnShutdown()
2025-03-10T19:42:05.660 DEBUG console - Starting WinSW in service mode.
2025-03-10T19:42:05.781 INFO  service - Starting D:\workspace\hmdp-front\nginx-1.18.0\nginx.exe
2025-03-10T19:42:06.975 INFO  service - Started process nginx (9304).
2025-03-10T19:42:07.038 INFO  service - Service started successfully.
2025-03-11T22:50:08.526 INFO  service - Stopping nginx
2025-03-11T22:50:08.537 ERROR service - Failed to shut down service.
System.InvalidOperationException: UpdatePendingStatus can only be called during the handling of Start, Stop, Pause and Continue commands.
   at System.ServiceProcess.ServiceBase.RequestAdditionalTime(Int32)
   at WinSW.WrapperService.SignalPending()
   at WinSW.WrapperService.DoStop()
   at WinSW.WrapperService.OnShutdown()
2025-03-13T06:51:24.052 DEBUG console - Starting WinSW in service mode.
2025-03-13T06:51:24.139 INFO  service - Starting D:\workspace\hmdp-front\nginx-1.18.0\nginx.exe
2025-03-13T06:51:25.143 INFO  service - Started process nginx (9412).
2025-03-13T06:51:25.201 INFO  service - Service started successfully.
2025-03-13T10:33:41.632 INFO  service - Stopping nginx
2025-03-13T10:33:41.662 ERROR service - Failed to shut down service.
System.InvalidOperationException: UpdatePendingStatus can only be called during the handling of Start, Stop, Pause and Continue commands.
   at System.ServiceProcess.ServiceBase.RequestAdditionalTime(Int32)
   at WinSW.WrapperService.SignalPending()
   at WinSW.WrapperService.DoStop()
   at WinSW.WrapperService.OnShutdown()
2025-03-13T17:10:44.505 DEBUG console - Starting WinSW in service mode.
2025-03-13T17:10:44.578 INFO  service - Starting D:\workspace\hmdp-front\nginx-1.18.0\nginx.exe
2025-03-13T17:10:45.409 INFO  service - Started process nginx (9460).
2025-03-13T17:10:45.460 INFO  service - Service started successfully.
2025-03-13T20:40:55.815 INFO  service - Stopping nginx
2025-03-13T20:40:55.824 ERROR service - Failed to shut down service.
System.InvalidOperationException: UpdatePendingStatus can only be called during the handling of Start, Stop, Pause and Continue commands.
   at System.ServiceProcess.ServiceBase.RequestAdditionalTime(Int32)
   at WinSW.WrapperService.SignalPending()
   at WinSW.WrapperService.DoStop()
   at WinSW.WrapperService.OnShutdown()
2025-03-14T16:53:12.372 DEBUG console - Starting WinSW in service mode.
2025-03-14T16:53:12.453 INFO  service - Starting D:\workspace\hmdp-front\nginx-1.18.0\nginx.exe
2025-03-14T16:53:13.329 INFO  service - Started process nginx (9532).
2025-03-14T16:53:13.377 INFO  service - Service started successfully.
2025-03-14T20:59:07.666 INFO  service - Stopping nginx
2025-03-14T20:59:07.677 ERROR service - Failed to shut down service.
System.InvalidOperationException: UpdatePendingStatus can only be called during the handling of Start, Stop, Pause and Continue commands.
   at System.ServiceProcess.ServiceBase.RequestAdditionalTime(Int32)
   at WinSW.WrapperService.SignalPending()
   at WinSW.WrapperService.DoStop()
   at WinSW.WrapperService.OnShutdown()
2025-03-15T19:08:43.002 DEBUG console - Starting WinSW in service mode.
2025-03-15T19:08:43.130 INFO  service - Starting D:\workspace\hmdp-front\nginx-1.18.0\nginx.exe
2025-03-15T19:08:44.259 INFO  service - Started process nginx (9584).
2025-03-15T19:08:44.323 INFO  service - Service started successfully.
2025-03-17T20:12:14.418 DEBUG console - Starting WinSW in service mode.
2025-03-17T20:12:14.477 INFO  service - Starting D:\workspace\hmdp-front\nginx-1.18.0\nginx.exe
2025-03-17T20:12:14.556 INFO  service - Started process nginx (9324).
2025-03-17T20:12:14.593 INFO  service - Service started successfully.
2025-03-17T20:12:36.737 INFO  service - Stopping nginx
2025-03-17T20:12:36.744 ERROR service - Failed to shut down service.
System.InvalidOperationException: UpdatePendingStatus can only be called during the handling of Start, Stop, Pause and Continue commands.
   at System.ServiceProcess.ServiceBase.RequestAdditionalTime(Int32)
   at WinSW.WrapperService.SignalPending()
   at WinSW.WrapperService.DoStop()
   at WinSW.WrapperService.OnShutdown()
2025-03-17T20:13:01.885 DEBUG console - Starting WinSW in service mode.
2025-03-17T20:13:01.956 INFO  service - Starting D:\workspace\hmdp-front\nginx-1.18.0\nginx.exe
2025-03-17T20:13:02.786 INFO  service - Started process nginx (9144).
2025-03-17T20:13:02.826 INFO  service - Service started successfully.
2025-03-17T20:14:52.106 INFO  service - Stopping nginx
2025-03-17T20:14:52.115 ERROR service - Failed to shut down service.
System.InvalidOperationException: UpdatePendingStatus can only be called during the handling of Start, Stop, Pause and Continue commands.
   at System.ServiceProcess.ServiceBase.RequestAdditionalTime(Int32)
   at WinSW.WrapperService.SignalPending()
   at WinSW.WrapperService.DoStop()
   at WinSW.WrapperService.OnShutdown()
2025-03-18T17:11:28.567 DEBUG console - Starting WinSW in service mode.
2025-03-18T17:11:28.644 INFO  service - Starting D:\workspace\hmdp-front\nginx-1.18.0\nginx.exe
2025-03-18T17:11:29.509 INFO  service - Started process nginx (9624).
2025-03-18T17:11:29.558 INFO  service - Service started successfully.
2025-03-19T01:51:20.167 INFO  service - Stopping nginx
2025-03-19T01:51:20.178 ERROR service - Failed to shut down service.
System.InvalidOperationException: UpdatePendingStatus can only be called during the handling of Start, Stop, Pause and Continue commands.
   at System.ServiceProcess.ServiceBase.RequestAdditionalTime(Int32)
   at WinSW.WrapperService.SignalPending()
   at WinSW.WrapperService.DoStop()
   at WinSW.WrapperService.OnShutdown()
2025-03-21T01:25:51.798 DEBUG console - Starting WinSW in service mode.
2025-03-21T01:25:52.006 INFO  service - Starting D:\workspace\hmdp-front\nginx-1.18.0\nginx.exe
2025-03-21T01:25:53.870 INFO  service - Started process nginx (10128).
2025-03-21T01:25:53.954 INFO  service - Service started successfully.
2025-03-21T02:44:56.990 INFO  service - Stopping nginx
2025-03-21T02:44:56.996 ERROR service - Failed to shut down service.
System.InvalidOperationException: UpdatePendingStatus can only be called during the handling of Start, Stop, Pause and Continue commands.
   at System.ServiceProcess.ServiceBase.RequestAdditionalTime(Int32)
   at WinSW.WrapperService.SignalPending()
   at WinSW.WrapperService.DoStop()
   at WinSW.WrapperService.OnShutdown()
2025-03-21T23:26:11.380 DEBUG console - Starting WinSW in service mode.
2025-03-21T23:26:11.493 INFO  service - Starting D:\workspace\hmdp-front\nginx-1.18.0\nginx.exe
2025-03-21T23:26:12.464 INFO  service - Started process nginx (10116).
2025-03-21T23:26:12.520 INFO  service - Service started successfully.
2025-03-22T05:50:33.631 INFO  service - Stopping nginx
2025-03-22T05:50:33.642 ERROR service - Failed to shut down service.
System.InvalidOperationException: UpdatePendingStatus can only be called during the handling of Start, Stop, Pause and Continue commands.
   at System.ServiceProcess.ServiceBase.RequestAdditionalTime(Int32)
   at WinSW.WrapperService.SignalPending()
   at WinSW.WrapperService.DoStop()
   at WinSW.WrapperService.OnShutdown()
2025-03-23T16:43:59.064 DEBUG console - Starting WinSW in service mode.
2025-03-23T16:43:59.149 INFO  service - Starting D:\workspace\hmdp-front\nginx-1.18.0\nginx.exe
2025-03-23T16:44:00.000 INFO  service - Started process nginx (9836).
2025-03-23T16:44:00.065 INFO  service - Service started successfully.
2025-03-23T22:43:55.333 INFO  service - Stopping nginx
2025-03-23T22:43:55.355 ERROR service - Failed to shut down service.
System.InvalidOperationException: UpdatePendingStatus can only be called during the handling of Start, Stop, Pause and Continue commands.
   at System.ServiceProcess.ServiceBase.RequestAdditionalTime(Int32)
   at WinSW.WrapperService.SignalPending()
   at WinSW.WrapperService.DoStop()
   at WinSW.WrapperService.OnShutdown()
2025-03-23T23:18:41.926 DEBUG console - Starting WinSW in service mode.
2025-03-23T23:18:41.980 INFO  service - Starting D:\workspace\hmdp-front\nginx-1.18.0\nginx.exe
2025-03-23T23:18:42.198 INFO  service - Started process nginx (4112).
2025-03-23T23:18:42.274 INFO  service - Service started successfully.
2025-03-24T06:35:00.582 INFO  service - Stopping nginx
2025-03-24T06:35:00.602 ERROR service - Failed to shut down service.
System.InvalidOperationException: UpdatePendingStatus can only be called during the handling of Start, Stop, Pause and Continue commands.
   at System.ServiceProcess.ServiceBase.RequestAdditionalTime(Int32)
   at WinSW.WrapperService.SignalPending()
   at WinSW.WrapperService.DoStop()
   at WinSW.WrapperService.OnShutdown()
2025-03-25T19:10:15.422 DEBUG console - Starting WinSW in service mode.
2025-03-25T19:10:15.493 INFO  service - Starting D:\workspace\hmdp-front\nginx-1.18.0\nginx.exe
2025-03-25T19:10:16.389 INFO  service - Started process nginx (9556).
2025-03-25T19:10:16.429 INFO  service - Service started successfully.
2025-03-25T20:55:16.959 INFO  service - Stopping nginx
2025-03-25T20:55:16.969 ERROR service - Failed to shut down service.
System.InvalidOperationException: UpdatePendingStatus can only be called during the handling of Start, Stop, Pause and Continue commands.
   at System.ServiceProcess.ServiceBase.RequestAdditionalTime(Int32)
   at WinSW.WrapperService.SignalPending()
   at WinSW.WrapperService.DoStop()
   at WinSW.WrapperService.OnShutdown()
2025-03-26T01:30:47.665 DEBUG console - Starting WinSW in service mode.
2025-03-26T01:30:47.789 INFO  service - Starting D:\workspace\hmdp-front\nginx-1.18.0\nginx.exe
2025-03-26T01:30:49.143 INFO  service - Started process nginx (9064).
2025-03-26T01:30:49.225 INFO  service - Service started successfully.
2025-03-26T02:34:14.335 INFO  service - Stopping nginx
2025-03-26T02:34:14.341 ERROR service - Failed to shut down service.
System.InvalidOperationException: UpdatePendingStatus can only be called during the handling of Start, Stop, Pause and Continue commands.
   at System.ServiceProcess.ServiceBase.RequestAdditionalTime(Int32)
   at WinSW.WrapperService.SignalPending()
   at WinSW.WrapperService.DoStop()
   at WinSW.WrapperService.OnShutdown()
2025-03-26T16:51:51.540 DEBUG console - Starting WinSW in service mode.
2025-03-26T16:51:51.717 INFO  service - Starting D:\workspace\hmdp-front\nginx-1.18.0\nginx.exe
2025-03-26T16:51:53.359 INFO  service - Started process nginx (4728).
2025-03-26T16:51:53.440 INFO  service - Service started successfully.
2025-03-26T19:37:28.211 DEBUG console - Starting WinSW in service mode.
2025-03-26T19:37:28.338 INFO  service - Starting D:\workspace\hmdp-front\nginx-1.18.0\nginx.exe
2025-03-26T19:37:29.384 INFO  service - Started process nginx (9524).
2025-03-26T19:37:29.467 INFO  service - Service started successfully.
2025-03-26T20:59:10.981 INFO  service - Stopping nginx
2025-03-26T20:59:10.992 ERROR service - Failed to shut down service.
System.InvalidOperationException: UpdatePendingStatus can only be called during the handling of Start, Stop, Pause and Continue commands.
   at System.ServiceProcess.ServiceBase.RequestAdditionalTime(Int32)
   at WinSW.WrapperService.SignalPending()
   at WinSW.WrapperService.DoStop()
   at WinSW.WrapperService.OnShutdown()
2025-03-27T18:48:49.542 DEBUG console - Starting WinSW in service mode.
2025-03-27T18:48:49.635 INFO  service - Starting D:\workspace\hmdp-front\nginx-1.18.0\nginx.exe
2025-03-27T18:48:50.383 INFO  service - Started process nginx (9664).
2025-03-27T18:48:50.434 INFO  service - Service started successfully.
2025-03-27T20:43:04.564 INFO  service - Stopping nginx
2025-03-27T20:43:04.574 ERROR service - Failed to shut down service.
System.InvalidOperationException: UpdatePendingStatus can only be called during the handling of Start, Stop, Pause and Continue commands.
   at System.ServiceProcess.ServiceBase.RequestAdditionalTime(Int32)
   at WinSW.WrapperService.SignalPending()
   at WinSW.WrapperService.DoStop()
   at WinSW.WrapperService.OnShutdown()
2025-03-27T23:53:06.482 DEBUG console - Starting WinSW in service mode.
2025-03-27T23:53:06.539 INFO  service - Starting D:\workspace\hmdp-front\nginx-1.18.0\nginx.exe
2025-03-27T23:53:06.925 INFO  service - Started process nginx (11256).
2025-03-27T23:53:06.976 INFO  service - Service started successfully.
2025-03-28T00:14:56.690 DEBUG console - Starting WinSW in service mode.
2025-03-28T00:14:56.806 INFO  service - Starting D:\workspace\hmdp-front\nginx-1.18.0\nginx.exe
2025-03-28T00:14:57.735 INFO  service - Started process nginx (10124).
2025-03-28T00:14:57.790 INFO  service - Service started successfully.
2025-03-28T02:35:19.505 INFO  service - Stopping nginx
2025-03-28T02:35:19.515 ERROR service - Failed to shut down service.
System.InvalidOperationException: UpdatePendingStatus can only be called during the handling of Start, Stop, Pause and Continue commands.
   at System.ServiceProcess.ServiceBase.RequestAdditionalTime(Int32)
   at WinSW.WrapperService.SignalPending()
   at WinSW.WrapperService.DoStop()
   at WinSW.WrapperService.OnShutdown()
2025-03-28T04:43:29.815 DEBUG console - Starting WinSW in service mode.
2025-03-28T04:43:29.983 INFO  service - Starting D:\workspace\hmdp-front\nginx-1.18.0\nginx.exe
2025-03-28T04:43:31.307 INFO  service - Started process nginx (3544).
2025-03-28T04:43:31.392 INFO  service - Service started successfully.
2025-03-28T07:33:05.985 INFO  service - Stopping nginx
2025-03-28T07:33:05.989 ERROR service - Failed to shut down service.
System.InvalidOperationException: UpdatePendingStatus can only be called during the handling of Start, Stop, Pause and Continue commands.
   at System.ServiceProcess.ServiceBase.RequestAdditionalTime(Int32)
   at WinSW.WrapperService.SignalPending()
   at WinSW.WrapperService.DoStop()
   at WinSW.WrapperService.OnShutdown()
2025-03-28T18:10:52.696 DEBUG console - Starting WinSW in service mode.
2025-03-28T18:10:52.817 INFO  service - Starting D:\workspace\hmdp-front\nginx-1.18.0\nginx.exe
2025-03-28T18:10:53.914 INFO  service - Started process nginx (9692).
2025-03-28T18:10:53.974 INFO  service - Service started successfully.
2025-03-28T20:59:11.517 INFO  service - Stopping nginx
2025-03-28T20:59:11.529 ERROR service - Failed to shut down service.
System.InvalidOperationException: UpdatePendingStatus can only be called during the handling of Start, Stop, Pause and Continue commands.
   at System.ServiceProcess.ServiceBase.RequestAdditionalTime(Int32)
   at WinSW.WrapperService.SignalPending()
   at WinSW.WrapperService.DoStop()
   at WinSW.WrapperService.OnShutdown()
2025-03-28T22:22:36.957 DEBUG console - Starting WinSW in service mode.
2025-03-28T22:22:37.099 INFO  service - Starting D:\workspace\hmdp-front\nginx-1.18.0\nginx.exe
2025-03-28T22:22:38.285 INFO  service - Started process nginx (9040).
2025-03-28T22:22:38.380 INFO  service - Service started successfully.
2025-03-28T22:56:29.701 DEBUG console - Starting WinSW in service mode.
2025-03-28T22:56:29.932 INFO  service - Starting D:\workspace\hmdp-front\nginx-1.18.0\nginx.exe
2025-03-28T22:56:30.215 INFO  service - Started process nginx (8856).
2025-03-28T22:56:30.390 INFO  service - Service started successfully.
2025-03-29T01:29:06.874 INFO  service - Stopping nginx
2025-03-29T01:29:06.886 ERROR service - Failed to shut down service.
System.InvalidOperationException: UpdatePendingStatus can only be called during the handling of Start, Stop, Pause and Continue commands.
   at System.ServiceProcess.ServiceBase.RequestAdditionalTime(Int32)
   at WinSW.WrapperService.SignalPending()
   at WinSW.WrapperService.DoStop()
   at WinSW.WrapperService.OnShutdown()
2025-03-29T21:47:47.739 DEBUG console - Starting WinSW in service mode.
2025-03-29T21:47:47.864 INFO  service - Starting D:\workspace\hmdp-front\nginx-1.18.0\nginx.exe
2025-03-29T21:47:48.808 INFO  service - Started process nginx (9568).
2025-03-29T21:47:48.884 INFO  service - Service started successfully.
2025-03-30T01:52:06.618 INFO  service - Stopping nginx
2025-03-30T01:52:06.627 ERROR service - Failed to shut down service.
System.InvalidOperationException: UpdatePendingStatus can only be called during the handling of Start, Stop, Pause and Continue commands.
   at System.ServiceProcess.ServiceBase.RequestAdditionalTime(Int32)
   at WinSW.WrapperService.SignalPending()
   at WinSW.WrapperService.DoStop()
   at WinSW.WrapperService.OnShutdown()
2025-03-30T15:39:44.024 DEBUG console - Starting WinSW in service mode.
2025-03-30T15:39:44.279 INFO  service - Starting D:\workspace\hmdp-front\nginx-1.18.0\nginx.exe
2025-03-30T15:39:45.599 INFO  service - Started process nginx (2592).
2025-03-30T15:39:45.697 INFO  service - Service started successfully.
2025-03-31T01:39:09.739 INFO  service - Stopping nginx
2025-03-31T01:39:09.761 ERROR service - Failed to shut down service.
System.InvalidOperationException: UpdatePendingStatus can only be called during the handling of Start, Stop, Pause and Continue commands.
   at System.ServiceProcess.ServiceBase.RequestAdditionalTime(Int32)
   at WinSW.WrapperService.SignalPending()
   at WinSW.WrapperService.DoStop()
   at WinSW.WrapperService.OnShutdown()
2025-03-31T16:27:03.972 DEBUG console - Starting WinSW in service mode.
2025-03-31T16:27:04.064 INFO  service - Starting D:\workspace\hmdp-front\nginx-1.18.0\nginx.exe
2025-03-31T16:27:05.076 INFO  service - Started process nginx (9360).
2025-03-31T16:27:05.120 INFO  service - Service started successfully.
2025-03-31T19:59:39.019 INFO  service - Stopping nginx
2025-03-31T19:59:39.034 ERROR service - Failed to shut down service.
System.InvalidOperationException: UpdatePendingStatus can only be called during the handling of Start, Stop, Pause and Continue commands.
   at System.ServiceProcess.ServiceBase.RequestAdditionalTime(Int32)
   at WinSW.WrapperService.SignalPending()
   at WinSW.WrapperService.DoStop()
   at WinSW.WrapperService.OnShutdown()
2025-03-31T23:28:27.771 DEBUG console - Starting WinSW in service mode.
2025-03-31T23:28:27.833 INFO  service - Starting D:\workspace\hmdp-front\nginx-1.18.0\nginx.exe
2025-03-31T23:28:28.573 INFO  service - Started process nginx (9124).
2025-03-31T23:28:28.620 INFO  service - Service started successfully.
2025-04-01T02:25:36.744 INFO  service - Stopping nginx
2025-04-01T02:25:36.756 ERROR service - Failed to shut down service.
System.InvalidOperationException: UpdatePendingStatus can only be called during the handling of Start, Stop, Pause and Continue commands.
   at System.ServiceProcess.ServiceBase.RequestAdditionalTime(Int32)
   at WinSW.WrapperService.SignalPending()
   at WinSW.WrapperService.DoStop()
   at WinSW.WrapperService.OnShutdown()
2025-04-01T14:51:27.163 DEBUG console - Starting WinSW in service mode.
2025-04-01T14:51:27.281 INFO  service - Starting D:\workspace\hmdp-front\nginx-1.18.0\nginx.exe
2025-04-01T14:51:28.439 INFO  service - Started process nginx (8548).
2025-04-01T14:51:28.516 INFO  service - Service started successfully.
2025-04-01T15:38:55.049 INFO  service - Stopping nginx
2025-04-01T15:38:55.056 ERROR service - Failed to shut down service.
System.InvalidOperationException: UpdatePendingStatus can only be called during the handling of Start, Stop, Pause and Continue commands.
   at System.ServiceProcess.ServiceBase.RequestAdditionalTime(Int32)
   at WinSW.WrapperService.SignalPending()
   at WinSW.WrapperService.DoStop()
   at WinSW.WrapperService.OnShutdown()
2025-04-01T15:46:53.536 DEBUG console - Starting WinSW in service mode.
2025-04-01T15:46:53.751 INFO  service - Starting D:\workspace\hmdp-front\nginx-1.18.0\nginx.exe
2025-04-01T15:46:55.769 INFO  service - Started process nginx (3356).
2025-04-01T15:46:55.900 INFO  service - Service started successfully.
2025-04-02T02:43:53.564 INFO  service - Stopping nginx
2025-04-02T02:43:53.576 ERROR service - Failed to shut down service.
System.InvalidOperationException: UpdatePendingStatus can only be called during the handling of Start, Stop, Pause and Continue commands.
   at System.ServiceProcess.ServiceBase.RequestAdditionalTime(Int32)
   at WinSW.WrapperService.SignalPending()
   at WinSW.WrapperService.DoStop()
   at WinSW.WrapperService.OnShutdown()
2025-04-02T19:17:46.503 DEBUG console - Starting WinSW in service mode.
2025-04-02T19:17:46.578 INFO  service - Starting D:\workspace\hmdp-front\nginx-1.18.0\nginx.exe
2025-04-02T19:17:47.647 INFO  service - Started process nginx (9256).
2025-04-02T19:17:47.680 INFO  service - Service started successfully.
2025-04-03T03:39:23.494 INFO  service - Stopping nginx
2025-04-03T03:39:23.532 ERROR service - Failed to shut down service.
System.InvalidOperationException: UpdatePendingStatus can only be called during the handling of Start, Stop, Pause and Continue commands.
   at System.ServiceProcess.ServiceBase.RequestAdditionalTime(Int32)
   at WinSW.WrapperService.SignalPending()
   at WinSW.WrapperService.DoStop()
   at WinSW.WrapperService.OnShutdown()
2025-04-03T15:21:39.492 DEBUG console - Starting WinSW in service mode.
2025-04-03T15:21:39.561 INFO  service - Starting D:\workspace\hmdp-front\nginx-1.18.0\nginx.exe
2025-04-03T15:21:41.721 INFO  service - Started process nginx (9636).
2025-04-03T15:21:41.772 INFO  service - Service started successfully.
2025-04-03T19:42:00.694 INFO  service - Stopping nginx
2025-04-03T19:42:00.699 ERROR service - Failed to shut down service.
System.InvalidOperationException: UpdatePendingStatus can only be called during the handling of Start, Stop, Pause and Continue commands.
   at System.ServiceProcess.ServiceBase.RequestAdditionalTime(Int32)
   at WinSW.WrapperService.SignalPending()
   at WinSW.WrapperService.DoStop()
   at WinSW.WrapperService.OnShutdown()
2025-04-04T07:00:04.527 DEBUG console - Starting WinSW in service mode.
2025-04-04T07:00:04.600 INFO  service - Starting D:\workspace\hmdp-front\nginx-1.18.0\nginx.exe
2025-04-04T07:00:05.701 INFO  service - Started process nginx (9412).
2025-04-04T07:00:05.744 INFO  service - Service started successfully.
2025-04-04T10:51:50.027 INFO  service - Stopping nginx
2025-04-04T10:51:50.039 ERROR service - Failed to shut down service.
System.InvalidOperationException: UpdatePendingStatus can only be called during the handling of Start, Stop, Pause and Continue commands.
   at System.ServiceProcess.ServiceBase.RequestAdditionalTime(Int32)
   at WinSW.WrapperService.SignalPending()
   at WinSW.WrapperService.DoStop()
   at WinSW.WrapperService.OnShutdown()
2025-04-04T18:19:44.546 DEBUG console - Starting WinSW in service mode.
2025-04-04T18:19:44.609 INFO  service - Starting D:\workspace\hmdp-front\nginx-1.18.0\nginx.exe
2025-04-04T18:19:45.513 INFO  service - Started process nginx (8660).
2025-04-04T18:19:45.556 INFO  service - Service started successfully.
2025-04-04T20:47:17.091 INFO  service - Stopping nginx
2025-04-04T20:47:17.099 ERROR service - Failed to shut down service.
System.InvalidOperationException: UpdatePendingStatus can only be called during the handling of Start, Stop, Pause and Continue commands.
   at System.ServiceProcess.ServiceBase.RequestAdditionalTime(Int32)
   at WinSW.WrapperService.SignalPending()
   at WinSW.WrapperService.DoStop()
   at WinSW.WrapperService.OnShutdown()
2025-04-04T23:40:04.460 DEBUG console - Starting WinSW in service mode.
2025-04-04T23:40:04.517 INFO  service - Starting D:\workspace\hmdp-front\nginx-1.18.0\nginx.exe
2025-04-04T23:40:04.586 INFO  service - Started process nginx (9344).
2025-04-04T23:40:04.621 INFO  service - Service started successfully.
2025-04-05T02:35:18.104 INFO  service - Stopping nginx
2025-04-05T02:35:18.113 ERROR service - Failed to shut down service.
System.InvalidOperationException: UpdatePendingStatus can only be called during the handling of Start, Stop, Pause and Continue commands.
   at System.ServiceProcess.ServiceBase.RequestAdditionalTime(Int32)
   at WinSW.WrapperService.SignalPending()
   at WinSW.WrapperService.DoStop()
   at WinSW.WrapperService.OnShutdown()
2025-04-05T17:37:27.599 DEBUG console - Starting WinSW in service mode.
2025-04-05T17:37:27.661 INFO  service - Starting D:\workspace\hmdp-front\nginx-1.18.0\nginx.exe
2025-04-05T17:37:28.549 INFO  service - Started process nginx (8424).
2025-04-05T17:37:28.593 INFO  service - Service started successfully.
2025-04-05T20:51:19.099 INFO  service - Stopping nginx
2025-04-05T20:51:19.110 ERROR service - Failed to shut down service.
System.InvalidOperationException: UpdatePendingStatus can only be called during the handling of Start, Stop, Pause and Continue commands.
   at System.ServiceProcess.ServiceBase.RequestAdditionalTime(Int32)
   at WinSW.WrapperService.SignalPending()
   at WinSW.WrapperService.DoStop()
   at WinSW.WrapperService.OnShutdown()
2025-04-05T21:24:43.587 DEBUG console - Starting WinSW in service mode.
2025-04-05T21:24:43.637 INFO  service - Starting D:\workspace\hmdp-front\nginx-1.18.0\nginx.exe
2025-04-05T21:24:43.713 INFO  service - Started process nginx (9396).
2025-04-05T21:24:43.746 INFO  service - Service started successfully.
2025-04-06T02:12:11.262 INFO  service - Stopping nginx
2025-04-06T02:12:11.271 ERROR service - Failed to shut down service.
System.InvalidOperationException: UpdatePendingStatus can only be called during the handling of Start, Stop, Pause and Continue commands.
   at System.ServiceProcess.ServiceBase.RequestAdditionalTime(Int32)
   at WinSW.WrapperService.SignalPending()
   at WinSW.WrapperService.DoStop()
   at WinSW.WrapperService.OnShutdown()
2025-04-06T06:38:49.329 DEBUG console - Starting WinSW in service mode.
2025-04-06T06:38:49.394 INFO  service - Starting D:\workspace\hmdp-front\nginx-1.18.0\nginx.exe
2025-04-06T06:38:50.204 INFO  service - Started process nginx (9100).
2025-04-06T06:38:50.252 INFO  service - Service started successfully.
2025-04-06T07:39:33.576 INFO  service - Stopping nginx
2025-04-06T07:39:33.583 ERROR service - Failed to shut down service.
System.InvalidOperationException: UpdatePendingStatus can only be called during the handling of Start, Stop, Pause and Continue commands.
   at System.ServiceProcess.ServiceBase.RequestAdditionalTime(Int32)
   at WinSW.WrapperService.SignalPending()
   at WinSW.WrapperService.DoStop()
   at WinSW.WrapperService.OnShutdown()
2025-04-06T18:48:53.066 DEBUG console - Starting WinSW in service mode.
2025-04-06T18:48:53.127 INFO  service - Starting D:\workspace\hmdp-front\nginx-1.18.0\nginx.exe
2025-04-06T18:48:53.195 INFO  service - Started process nginx (9508).
2025-04-06T18:48:53.227 INFO  service - Service started successfully.
2025-04-07T02:45:04.354 INFO  service - Stopping nginx
2025-04-07T02:45:04.363 ERROR service - Failed to shut down service.
System.InvalidOperationException: UpdatePendingStatus can only be called during the handling of Start, Stop, Pause and Continue commands.
   at System.ServiceProcess.ServiceBase.RequestAdditionalTime(Int32)
   at WinSW.WrapperService.SignalPending()
   at WinSW.WrapperService.DoStop()
   at WinSW.WrapperService.OnShutdown()
2025-04-09T10:22:21.994 DEBUG console - Starting WinSW in service mode.
2025-04-09T10:22:22.058 INFO  service - Starting D:\workspace\hmdp-front\nginx-1.18.0\nginx.exe
2025-04-09T10:22:22.133 INFO  service - Started process nginx (1516).
2025-04-09T10:22:22.170 INFO  service - Service started successfully.
2025-04-09T11:12:27.813 INFO  service - Stopping nginx
2025-04-09T11:12:27.819 ERROR service - Failed to shut down service.
System.InvalidOperationException: UpdatePendingStatus can only be called during the handling of Start, Stop, Pause and Continue commands.
   at System.ServiceProcess.ServiceBase.RequestAdditionalTime(Int32)
   at WinSW.WrapperService.SignalPending()
   at WinSW.WrapperService.DoStop()
   at WinSW.WrapperService.OnShutdown()
2025-04-09T16:37:42.280 DEBUG console - Starting WinSW in service mode.
2025-04-09T16:37:42.340 INFO  service - Starting D:\workspace\hmdp-front\nginx-1.18.0\nginx.exe
2025-04-09T16:37:42.416 INFO  service - Started process nginx (1524).
2025-04-09T16:37:42.464 INFO  service - Service started successfully.
2025-04-09T17:46:29.890 INFO  service - Stopping nginx
2025-04-09T17:46:29.899 ERROR service - Failed to shut down service.
System.InvalidOperationException: UpdatePendingStatus can only be called during the handling of Start, Stop, Pause and Continue commands.
   at System.ServiceProcess.ServiceBase.RequestAdditionalTime(Int32)
   at WinSW.WrapperService.SignalPending()
   at WinSW.WrapperService.DoStop()
   at WinSW.WrapperService.OnShutdown()
2025-04-09T17:49:02.560 DEBUG console - Starting WinSW in service mode.
2025-04-09T17:49:02.611 INFO  service - Starting D:\workspace\hmdp-front\nginx-1.18.0\nginx.exe
2025-04-09T17:49:03.302 INFO  service - Started process nginx (8428).
2025-04-09T17:49:03.349 INFO  service - Service started successfully.
2025-04-09T18:02:14.573 INFO  service - Stopping nginx
2025-04-09T18:02:14.584 ERROR service - Failed to shut down service.
System.InvalidOperationException: UpdatePendingStatus can only be called during the handling of Start, Stop, Pause and Continue commands.
   at System.ServiceProcess.ServiceBase.RequestAdditionalTime(Int32)
   at WinSW.WrapperService.SignalPending()
   at WinSW.WrapperService.DoStop()
   at WinSW.WrapperService.OnShutdown()
2025-04-09T19:25:42.443 DEBUG console - Starting WinSW in service mode.
2025-04-09T19:25:42.518 INFO  service - Starting D:\workspace\hmdp-front\nginx-1.18.0\nginx.exe
2025-04-09T19:25:43.241 INFO  service - Started process nginx (8796).
2025-04-09T19:25:43.296 INFO  service - Service started successfully.
2025-04-09T23:46:57.478 INFO  service - Stopping nginx
2025-04-09T23:46:57.489 ERROR service - Failed to shut down service.
System.InvalidOperationException: UpdatePendingStatus can only be called during the handling of Start, Stop, Pause and Continue commands.
   at System.ServiceProcess.ServiceBase.RequestAdditionalTime(Int32)
   at WinSW.WrapperService.SignalPending()
   at WinSW.WrapperService.DoStop()
   at WinSW.WrapperService.OnShutdown()
2025-04-10T00:35:25.137 DEBUG console - Starting WinSW in service mode.
2025-04-10T00:35:25.242 INFO  service - Starting D:\workspace\hmdp-front\nginx-1.18.0\nginx.exe
2025-04-10T00:35:25.377 INFO  service - Started process nginx (1040).
2025-04-10T00:35:25.439 INFO  service - Service started successfully.
2025-04-10T01:12:43.361 INFO  service - Stopping nginx
2025-04-10T01:12:43.372 ERROR service - Failed to shut down service.
System.InvalidOperationException: UpdatePendingStatus can only be called during the handling of Start, Stop, Pause and Continue commands.
   at System.ServiceProcess.ServiceBase.RequestAdditionalTime(Int32)
   at WinSW.WrapperService.SignalPending()
   at WinSW.WrapperService.DoStop()
   at WinSW.WrapperService.OnShutdown()
2025-04-10T01:15:26.575 DEBUG console - Starting WinSW in service mode.
2025-04-10T01:15:26.648 INFO  service - Starting D:\workspace\hmdp-front\nginx-1.18.0\nginx.exe
2025-04-10T01:15:26.735 INFO  service - Started process nginx (9400).
2025-04-10T01:15:26.773 INFO  service - Service started successfully.
2025-04-10T01:25:45.068 INFO  service - Stopping nginx
2025-04-10T01:25:45.074 ERROR service - Failed to shut down service.
System.InvalidOperationException: UpdatePendingStatus can only be called during the handling of Start, Stop, Pause and Continue commands.
   at System.ServiceProcess.ServiceBase.RequestAdditionalTime(Int32)
   at WinSW.WrapperService.SignalPending()
   at WinSW.WrapperService.DoStop()
   at WinSW.WrapperService.OnShutdown()
2025-04-10T06:49:00.023 DEBUG console - Starting WinSW in service mode.
2025-04-10T06:49:00.100 INFO  service - Starting D:\workspace\hmdp-front\nginx-1.18.0\nginx.exe
2025-04-10T06:49:00.198 INFO  service - Started process nginx (9376).
2025-04-10T06:49:00.244 INFO  service - Service started successfully.
2025-04-10T07:18:31.507 INFO  service - Stopping nginx
2025-04-10T07:18:31.512 ERROR service - Failed to shut down service.
System.InvalidOperationException: UpdatePendingStatus can only be called during the handling of Start, Stop, Pause and Continue commands.
   at System.ServiceProcess.ServiceBase.RequestAdditionalTime(Int32)
   at WinSW.WrapperService.SignalPending()
   at WinSW.WrapperService.DoStop()
   at WinSW.WrapperService.OnShutdown()
2025-04-10T17:44:52.430 DEBUG console - Starting WinSW in service mode.
2025-04-10T17:44:52.512 INFO  service - Starting D:\workspace\hmdp-front\nginx-1.18.0\nginx.exe
2025-04-10T17:44:53.254 INFO  service - Started process nginx (8884).
2025-04-10T17:44:53.306 INFO  service - Service started successfully.
2025-04-10T23:30:46.102 INFO  service - Stopping nginx
2025-04-10T23:30:46.115 ERROR service - Failed to shut down service.
System.InvalidOperationException: UpdatePendingStatus can only be called during the handling of Start, Stop, Pause and Continue commands.
   at System.ServiceProcess.ServiceBase.RequestAdditionalTime(Int32)
   at WinSW.WrapperService.SignalPending()
   at WinSW.WrapperService.DoStop()
   at WinSW.WrapperService.OnShutdown()
2025-04-11T13:57:35.992 DEBUG console - Starting WinSW in service mode.
2025-04-11T13:57:36.070 INFO  service - Starting D:\workspace\hmdp-front\nginx-1.18.0\nginx.exe
2025-04-11T13:57:36.166 INFO  service - Started process nginx (9512).
2025-04-11T13:57:36.208 INFO  service - Service started successfully.
2025-04-11T16:50:54.065 INFO  service - Stopping nginx
2025-04-11T16:50:54.071 ERROR service - Failed to shut down service.
System.InvalidOperationException: UpdatePendingStatus can only be called during the handling of Start, Stop, Pause and Continue commands.
   at System.ServiceProcess.ServiceBase.RequestAdditionalTime(Int32)
   at WinSW.WrapperService.SignalPending()
   at WinSW.WrapperService.DoStop()
   at WinSW.WrapperService.OnShutdown()
2025-04-11T16:51:18.536 DEBUG console - Starting WinSW in service mode.
2025-04-11T16:51:18.619 INFO  service - Starting D:\workspace\hmdp-front\nginx-1.18.0\nginx.exe
2025-04-11T16:51:18.700 INFO  service - Started process nginx (8880).
2025-04-11T16:51:18.747 INFO  service - Service started successfully.
2025-04-11T16:52:08.017 DEBUG console - Starting WinSW in service mode.
2025-04-11T16:52:08.099 INFO  service - Starting D:\workspace\hmdp-front\nginx-1.18.0\nginx.exe
2025-04-11T16:52:09.073 INFO  service - Started process nginx (8876).
2025-04-11T16:52:09.126 INFO  service - Service started successfully.
2025-04-11T16:53:21.877 INFO  service - Stopping nginx
2025-04-11T16:53:21.881 ERROR service - Failed to shut down service.
System.InvalidOperationException: UpdatePendingStatus can only be called during the handling of Start, Stop, Pause and Continue commands.
   at System.ServiceProcess.ServiceBase.RequestAdditionalTime(Int32)
   at WinSW.WrapperService.SignalPending()
   at WinSW.WrapperService.DoStop()
   at WinSW.WrapperService.OnShutdown()
2025-04-11T16:53:48.908 DEBUG console - Starting WinSW in service mode.
2025-04-11T16:53:48.959 INFO  service - Starting D:\workspace\hmdp-front\nginx-1.18.0\nginx.exe
2025-04-11T16:53:49.742 INFO  service - Started process nginx (4652).
2025-04-11T16:53:49.787 INFO  service - Service started successfully.
2025-04-11T23:12:28.489 DEBUG console - Starting WinSW in service mode.
2025-04-11T23:12:28.612 INFO  service - Starting D:\workspace\hmdp-front\nginx-1.18.0\nginx.exe
2025-04-11T23:12:29.782 INFO  service - Started process nginx (9588).
2025-04-11T23:12:29.837 INFO  service - Service started successfully.
2025-04-12T00:08:42.164 INFO  service - Stopping nginx
2025-04-12T00:08:42.175 ERROR service - Failed to shut down service.
System.InvalidOperationException: UpdatePendingStatus can only be called during the handling of Start, Stop, Pause and Continue commands.
   at System.ServiceProcess.ServiceBase.RequestAdditionalTime(Int32)
   at WinSW.WrapperService.SignalPending()
   at WinSW.WrapperService.DoStop()
   at WinSW.WrapperService.OnShutdown()
2025-04-12T14:34:29.642 DEBUG console - Starting WinSW in service mode.
2025-04-12T14:34:29.705 INFO  service - Starting D:\workspace\hmdp-front\nginx-1.18.0\nginx.exe
2025-04-12T14:34:30.609 INFO  service - Started process nginx (8444).
2025-04-12T14:34:30.655 INFO  service - Service started successfully.
2025-04-13T00:14:03.456 INFO  service - Stopping nginx
2025-04-13T00:14:03.471 ERROR service - Failed to shut down service.
System.InvalidOperationException: UpdatePendingStatus can only be called during the handling of Start, Stop, Pause and Continue commands.
   at System.ServiceProcess.ServiceBase.RequestAdditionalTime(Int32)
   at WinSW.WrapperService.SignalPending()
   at WinSW.WrapperService.DoStop()
   at WinSW.WrapperService.OnShutdown()
2025-04-13T19:14:57.673 DEBUG console - Starting WinSW in service mode.
2025-04-13T19:14:57.745 INFO  service - Starting D:\workspace\hmdp-front\nginx-1.18.0\nginx.exe
2025-04-13T19:14:58.547 INFO  service - Started process nginx (1620).
2025-04-13T19:14:58.593 INFO  service - Service started successfully.
2025-04-13T23:24:19.101 INFO  service - Stopping nginx
2025-04-13T23:24:19.108 ERROR service - Failed to shut down service.
System.InvalidOperationException: UpdatePendingStatus can only be called during the handling of Start, Stop, Pause and Continue commands.
   at System.ServiceProcess.ServiceBase.RequestAdditionalTime(Int32)
   at WinSW.WrapperService.SignalPending()
   at WinSW.WrapperService.DoStop()
   at WinSW.WrapperService.OnShutdown()
2025-04-14T17:27:31.855 DEBUG console - Starting WinSW in service mode.
2025-04-14T17:27:31.910 INFO  service - Starting D:\workspace\hmdp-front\nginx-1.18.0\nginx.exe
2025-04-14T17:27:32.140 INFO  service - Started process nginx (9412).
2025-04-14T17:27:32.172 INFO  service - Service started successfully.
2025-04-14T20:24:50.476 INFO  service - Stopping nginx
2025-04-14T20:24:50.483 ERROR service - Failed to shut down service.
System.InvalidOperationException: UpdatePendingStatus can only be called during the handling of Start, Stop, Pause and Continue commands.
   at System.ServiceProcess.ServiceBase.RequestAdditionalTime(Int32)
   at WinSW.WrapperService.SignalPending()
   at WinSW.WrapperService.DoStop()
   at WinSW.WrapperService.OnShutdown()
2025-04-14T22:02:58.017 DEBUG console - Starting WinSW in service mode.
2025-04-14T22:02:58.094 INFO  service - Starting D:\workspace\hmdp-front\nginx-1.18.0\nginx.exe
2025-04-14T22:02:58.872 INFO  service - Started process nginx (4820).
2025-04-14T22:02:58.921 INFO  service - Service started successfully.
2025-04-14T23:37:46.818 INFO  service - Stopping nginx
2025-04-14T23:37:46.827 ERROR service - Failed to shut down service.
System.InvalidOperationException: UpdatePendingStatus can only be called during the handling of Start, Stop, Pause and Continue commands.
   at System.ServiceProcess.ServiceBase.RequestAdditionalTime(Int32)
   at WinSW.WrapperService.SignalPending()
   at WinSW.WrapperService.DoStop()
   at WinSW.WrapperService.OnShutdown()
2025-04-20T20:47:09.846 DEBUG console - Starting WinSW in service mode.
2025-04-20T20:47:09.898 INFO  service - Starting D:\workspace\hmdp-front\nginx-1.18.0\nginx.exe
2025-04-20T20:47:10.658 INFO  service - Started process nginx (8880).
2025-04-20T20:47:10.702 INFO  service - Service started successfully.
2025-04-20T21:04:18.578 INFO  service - Stopping nginx
2025-04-20T21:04:18.584 ERROR service - Failed to shut down service.
System.InvalidOperationException: UpdatePendingStatus can only be called during the handling of Start, Stop, Pause and Continue commands.
   at System.ServiceProcess.ServiceBase.RequestAdditionalTime(Int32)
   at WinSW.WrapperService.SignalPending()
   at WinSW.WrapperService.DoStop()
   at WinSW.WrapperService.OnShutdown()
2025-04-22T13:15:48.805 DEBUG console - Starting WinSW in service mode.
2025-04-22T13:15:48.858 INFO  service - Starting D:\workspace\hmdp-front\nginx-1.18.0\nginx.exe
2025-04-22T13:15:49.096 INFO  service - Started process nginx (1012).
2025-04-22T13:15:49.136 INFO  service - Service started successfully.
2025-04-23T00:13:18.335 INFO  service - Stopping nginx
2025-04-23T00:13:18.361 ERROR service - Failed to shut down service.
System.InvalidOperationException: UpdatePendingStatus can only be called during the handling of Start, Stop, Pause and Continue commands.
   at System.ServiceProcess.ServiceBase.RequestAdditionalTime(Int32)
   at WinSW.WrapperService.SignalPending()
   at WinSW.WrapperService.DoStop()
   at WinSW.WrapperService.OnShutdown()
2025-04-23T15:00:12.931 DEBUG console - Starting WinSW in service mode.
2025-04-23T15:00:13.008 INFO  service - Starting D:\workspace\hmdp-front\nginx-1.18.0\nginx.exe
2025-04-23T15:00:14.051 INFO  service - Started process nginx (5392).
2025-04-23T15:00:14.100 INFO  service - Service started successfully.
2025-04-23T18:17:52.784 DEBUG console - Starting WinSW in service mode.
2025-04-23T18:22:41.225 DEBUG console - Starting WinSW in service mode.
2025-04-23T18:24:00.388 DEBUG console - Starting WinSW in service mode.
2025-04-23T18:25:11.328 DEBUG console - Starting WinSW in service mode.
2025-04-24T00:47:49.482 INFO  service - Stopping nginx
2025-04-24T00:47:49.503 ERROR service - Failed to shut down service.
System.InvalidOperationException: UpdatePendingStatus can only be called during the handling of Start, Stop, Pause and Continue commands.
   at System.ServiceProcess.ServiceBase.RequestAdditionalTime(Int32)
   at WinSW.WrapperService.SignalPending()
   at WinSW.WrapperService.DoStop()
   at WinSW.WrapperService.OnShutdown()
2025-04-24T06:27:33.583 DEBUG console - Starting WinSW in service mode.
2025-04-24T06:27:33.676 INFO  service - Starting D:\workspace\hmdp-front\nginx-1.18.0\nginx.exe
2025-04-24T06:27:34.859 INFO  service - Started process nginx (8388).
2025-04-24T06:27:34.912 INFO  service - Service started successfully.
2025-04-24T08:07:10.987 INFO  service - Stopping nginx
2025-04-24T08:07:10.996 ERROR service - Failed to shut down service.
System.InvalidOperationException: UpdatePendingStatus can only be called during the handling of Start, Stop, Pause and Continue commands.
   at System.ServiceProcess.ServiceBase.RequestAdditionalTime(Int32)
   at WinSW.WrapperService.SignalPending()
   at WinSW.WrapperService.DoStop()
   at WinSW.WrapperService.OnShutdown()
2025-04-24T08:20:35.435 DEBUG console - Starting WinSW in service mode.
2025-04-24T08:20:35.543 INFO  service - Starting D:\workspace\hmdp-front\nginx-1.18.0\nginx.exe
2025-04-24T08:20:35.658 INFO  service - Started process nginx (8224).
2025-04-24T08:20:35.720 INFO  service - Service started successfully.
2025-04-24T11:32:18.409 INFO  service - Stopping nginx
2025-04-24T11:32:18.426 ERROR service - Failed to shut down service.
System.InvalidOperationException: UpdatePendingStatus can only be called during the handling of Start, Stop, Pause and Continue commands.
   at System.ServiceProcess.ServiceBase.RequestAdditionalTime(Int32)
   at WinSW.WrapperService.SignalPending()
   at WinSW.WrapperService.DoStop()
   at WinSW.WrapperService.OnShutdown()
2025-04-24T12:55:43.410 DEBUG console - Starting WinSW in service mode.
2025-04-24T12:55:43.516 INFO  service - Starting D:\workspace\hmdp-front\nginx-1.18.0\nginx.exe
2025-04-24T12:55:43.727 INFO  service - Started process nginx (8940).
2025-04-24T12:55:43.805 INFO  service - Service started successfully.
2025-04-25T00:41:26.435 INFO  service - Stopping nginx
2025-04-25T00:41:26.446 ERROR service - Failed to shut down service.
System.InvalidOperationException: UpdatePendingStatus can only be called during the handling of Start, Stop, Pause and Continue commands.
   at System.ServiceProcess.ServiceBase.RequestAdditionalTime(Int32)
   at WinSW.WrapperService.SignalPending()
   at WinSW.WrapperService.DoStop()
   at WinSW.WrapperService.OnShutdown()
2025-04-25T11:38:30.555 DEBUG console - Starting WinSW in service mode.
2025-04-25T11:38:30.620 INFO  service - Starting D:\workspace\hmdp-front\nginx-1.18.0\nginx.exe
2025-04-25T11:38:31.514 INFO  service - Started process nginx (8468).
2025-04-25T11:38:31.560 INFO  service - Service started successfully.
2025-04-26T00:05:41.939 INFO  service - Stopping nginx
2025-04-26T00:05:41.953 ERROR service - Failed to shut down service.
System.InvalidOperationException: UpdatePendingStatus can only be called during the handling of Start, Stop, Pause and Continue commands.
   at System.ServiceProcess.ServiceBase.RequestAdditionalTime(Int32)
   at WinSW.WrapperService.SignalPending()
   at WinSW.WrapperService.DoStop()
   at WinSW.WrapperService.OnShutdown()
2025-04-26T23:34:37.651 DEBUG console - Starting WinSW in service mode.
2025-04-26T23:34:37.880 INFO  service - Starting D:\workspace\hmdp-front\nginx-1.18.0\nginx.exe
2025-04-26T23:34:38.108 INFO  service - Started process nginx (9220).
2025-04-26T23:34:38.201 INFO  service - Service started successfully.
2025-04-27T00:48:42.017 INFO  service - Stopping nginx
2025-04-27T00:48:42.024 ERROR service - Failed to shut down service.
System.InvalidOperationException: UpdatePendingStatus can only be called during the handling of Start, Stop, Pause and Continue commands.
   at System.ServiceProcess.ServiceBase.RequestAdditionalTime(Int32)
   at WinSW.WrapperService.SignalPending()
   at WinSW.WrapperService.DoStop()
   at WinSW.WrapperService.OnShutdown()
2025-04-27T13:38:43.320 DEBUG console - Starting WinSW in service mode.
2025-04-27T13:38:43.418 INFO  service - Starting D:\workspace\hmdp-front\nginx-1.18.0\nginx.exe
2025-04-27T13:38:43.551 INFO  service - Started process nginx (9520).
2025-04-27T13:38:43.606 INFO  service - Service started successfully.
2025-04-27T16:17:37.828 INFO  service - Stopping nginx
2025-04-27T16:17:37.834 ERROR service - Failed to shut down service.
System.InvalidOperationException: UpdatePendingStatus can only be called during the handling of Start, Stop, Pause and Continue commands.
   at System.ServiceProcess.ServiceBase.RequestAdditionalTime(Int32)
   at WinSW.WrapperService.SignalPending()
   at WinSW.WrapperService.DoStop()
   at WinSW.WrapperService.OnShutdown()
2025-04-28T00:06:26.782 DEBUG console - Starting WinSW in service mode.
2025-04-28T00:06:26.911 INFO  service - Starting D:\workspace\hmdp-front\nginx-1.18.0\nginx.exe
2025-04-28T00:06:28.386 INFO  service - Started process nginx (8764).
2025-04-28T00:06:28.461 INFO  service - Service started successfully.
2025-04-28T01:50:20.312 INFO  service - Stopping nginx
2025-04-28T01:50:20.328 ERROR service - Failed to shut down service.
System.InvalidOperationException: UpdatePendingStatus can only be called during the handling of Start, Stop, Pause and Continue commands.
   at System.ServiceProcess.ServiceBase.RequestAdditionalTime(Int32)
   at WinSW.WrapperService.SignalPending()
   at WinSW.WrapperService.DoStop()
   at WinSW.WrapperService.OnShutdown()
2025-05-04T21:30:23.407 DEBUG console - Starting WinSW in service mode.
2025-05-04T21:30:23.492 INFO  service - Starting D:\workspace\hmdp-front\nginx-1.18.0\nginx.exe
2025-05-04T21:30:24.851 INFO  service - Started process nginx (6104).
2025-05-04T21:30:24.902 INFO  service - Service started successfully.
2025-05-05T00:12:36.529 INFO  service - Stopping nginx
2025-05-05T00:12:36.537 ERROR service - Failed to shut down service.
System.InvalidOperationException: UpdatePendingStatus can only be called during the handling of Start, Stop, Pause and Continue commands.
   at System.ServiceProcess.ServiceBase.RequestAdditionalTime(Int32)
   at WinSW.WrapperService.SignalPending()
   at WinSW.WrapperService.DoStop()
   at WinSW.WrapperService.OnShutdown()
2025-05-05T22:19:40.190 DEBUG console - Starting WinSW in service mode.
2025-05-05T22:19:40.238 INFO  service - Starting D:\workspace\hmdp-front\nginx-1.18.0\nginx.exe
2025-05-05T22:19:41.014 INFO  service - Started process nginx (8516).
2025-05-05T22:19:41.060 INFO  service - Service started successfully.
2025-05-05T22:43:46.211 INFO  service - Stopping nginx
2025-05-05T22:43:46.218 ERROR service - Failed to shut down service.
System.InvalidOperationException: UpdatePendingStatus can only be called during the handling of Start, Stop, Pause and Continue commands.
   at System.ServiceProcess.ServiceBase.RequestAdditionalTime(Int32)
   at WinSW.WrapperService.SignalPending()
   at WinSW.WrapperService.DoStop()
   at WinSW.WrapperService.OnShutdown()
2025-05-06T19:41:49.043 DEBUG console - Starting WinSW in service mode.
2025-05-06T19:41:49.091 INFO  service - Starting D:\workspace\hmdp-front\nginx-1.18.0\nginx.exe
2025-05-06T19:41:49.451 INFO  service - Started process nginx (9432).
2025-05-06T19:41:49.493 INFO  service - Service started successfully.
2025-05-06T23:09:07.261 INFO  service - Stopping nginx
2025-05-06T23:09:07.268 ERROR service - Failed to shut down service.
System.InvalidOperationException: UpdatePendingStatus can only be called during the handling of Start, Stop, Pause and Continue commands.
   at System.ServiceProcess.ServiceBase.RequestAdditionalTime(Int32)
   at WinSW.WrapperService.SignalPending()
   at WinSW.WrapperService.DoStop()
   at WinSW.WrapperService.OnShutdown()
2025-05-07T21:42:14.508 DEBUG console - Starting WinSW in service mode.
2025-05-07T21:42:14.578 INFO  service - Starting D:\workspace\hmdp-front\nginx-1.18.0\nginx.exe
2025-05-07T21:42:15.602 INFO  service - Started process nginx (8232).
2025-05-07T21:42:15.647 INFO  service - Service started successfully.
2025-05-08T00:07:04.271 INFO  service - Stopping nginx
2025-05-08T00:07:04.278 ERROR service - Failed to shut down service.
System.InvalidOperationException: UpdatePendingStatus can only be called during the handling of Start, Stop, Pause and Continue commands.
   at System.ServiceProcess.ServiceBase.RequestAdditionalTime(Int32)
   at WinSW.WrapperService.SignalPending()
   at WinSW.WrapperService.DoStop()
   at WinSW.WrapperService.OnShutdown()
2025-05-08T18:25:34.778 DEBUG console - Starting WinSW in service mode.
2025-05-08T18:25:34.875 INFO  service - Starting D:\workspace\hmdp-front\nginx-1.18.0\nginx.exe
2025-05-08T18:25:35.790 INFO  service - Started process nginx (9088).
2025-05-08T18:25:35.842 INFO  service - Service started successfully.
2025-05-08T22:47:28.737 INFO  service - Stopping nginx
2025-05-08T22:47:28.746 ERROR service - Failed to shut down service.
System.InvalidOperationException: UpdatePendingStatus can only be called during the handling of Start, Stop, Pause and Continue commands.
   at System.ServiceProcess.ServiceBase.RequestAdditionalTime(Int32)
   at WinSW.WrapperService.SignalPending()
   at WinSW.WrapperService.DoStop()
   at WinSW.WrapperService.OnShutdown()
2025-05-09T14:34:13.690 DEBUG console - Starting WinSW in service mode.
2025-05-09T14:34:13.759 INFO  service - Starting D:\workspace\hmdp-front\nginx-1.18.0\nginx.exe
2025-05-09T14:34:14.857 INFO  service - Started process nginx (8320).
2025-05-09T14:34:14.906 INFO  service - Service started successfully.
2025-05-09T15:43:48.113 INFO  service - Stopping nginx
2025-05-09T15:43:48.118 ERROR service - Failed to shut down service.
System.InvalidOperationException: UpdatePendingStatus can only be called during the handling of Start, Stop, Pause and Continue commands.
   at System.ServiceProcess.ServiceBase.RequestAdditionalTime(Int32)
   at WinSW.WrapperService.SignalPending()
   at WinSW.WrapperService.DoStop()
   at WinSW.WrapperService.OnShutdown()
2025-05-10T21:34:29.935 DEBUG console - Starting WinSW in service mode.
2025-05-10T21:34:29.991 INFO  service - Starting D:\workspace\hmdp-front\nginx-1.18.0\nginx.exe
2025-05-10T21:34:30.062 INFO  service - Started process nginx (2036).
2025-05-10T21:34:30.096 INFO  service - Service started successfully.
2025-05-11T02:59:48.646 INFO  service - Stopping nginx
2025-05-11T02:59:48.652 ERROR service - Failed to shut down service.
System.InvalidOperationException: UpdatePendingStatus can only be called during the handling of Start, Stop, Pause and Continue commands.
   at System.ServiceProcess.ServiceBase.RequestAdditionalTime(Int32)
   at WinSW.WrapperService.SignalPending()
   at WinSW.WrapperService.DoStop()
   at WinSW.WrapperService.OnShutdown()
2025-05-13T19:44:07.435 DEBUG console - Starting WinSW in service mode.
2025-05-13T19:44:07.508 INFO  service - Starting D:\workspace\hmdp-front\nginx-1.18.0\nginx.exe
2025-05-13T19:44:08.395 INFO  service - Started process nginx (8844).
2025-05-13T19:44:08.439 INFO  service - Service started successfully.
2025-05-13T23:48:50.664 INFO  service - Stopping nginx
2025-05-13T23:48:50.674 ERROR service - Failed to shut down service.
System.InvalidOperationException: UpdatePendingStatus can only be called during the handling of Start, Stop, Pause and Continue commands.
   at System.ServiceProcess.ServiceBase.RequestAdditionalTime(Int32)
   at WinSW.WrapperService.SignalPending()
   at WinSW.WrapperService.DoStop()
   at WinSW.WrapperService.OnShutdown()
2025-05-14T19:53:31.732 DEBUG console - Starting WinSW in service mode.
2025-05-14T19:53:31.829 INFO  service - Starting D:\workspace\hmdp-front\nginx-1.18.0\nginx.exe
2025-05-14T19:53:32.779 INFO  service - Started process nginx (8944).
2025-05-14T19:53:32.825 INFO  service - Service started successfully.
2025-05-15T23:21:33.452 INFO  service - Stopping nginx
2025-05-15T23:21:33.470 ERROR service - Failed to shut down service.
System.InvalidOperationException: UpdatePendingStatus can only be called during the handling of Start, Stop, Pause and Continue commands.
   at System.ServiceProcess.ServiceBase.RequestAdditionalTime(Int32)
   at WinSW.WrapperService.SignalPending()
   at WinSW.WrapperService.DoStop()
   at WinSW.WrapperService.OnShutdown()
2025-05-16T08:49:29.370 DEBUG console - Starting WinSW in service mode.
2025-05-16T08:49:29.429 INFO  service - Starting D:\workspace\hmdp-front\nginx-1.18.0\nginx.exe
2025-05-16T08:49:29.993 INFO  service - Started process nginx (5544).
2025-05-16T08:49:30.035 INFO  service - Service started successfully.
2025-05-16T08:51:43.439 INFO  service - Stopping nginx
2025-05-16T08:51:43.447 ERROR service - Failed to shut down service.
System.InvalidOperationException: UpdatePendingStatus can only be called during the handling of Start, Stop, Pause and Continue commands.
   at System.ServiceProcess.ServiceBase.RequestAdditionalTime(Int32)
   at WinSW.WrapperService.SignalPending()
   at WinSW.WrapperService.DoStop()
   at WinSW.WrapperService.OnShutdown()
2025-05-16T09:26:37.655 DEBUG console - Starting WinSW in service mode.
2025-05-16T09:26:37.715 INFO  service - Starting D:\workspace\hmdp-front\nginx-1.18.0\nginx.exe
2025-05-16T09:26:38.163 INFO  service - Started process nginx (8896).
2025-05-16T09:26:38.219 INFO  service - Service started successfully.
2025-05-16T10:47:47.406 INFO  service - Stopping nginx
2025-05-16T10:47:47.411 ERROR service - Failed to shut down service.
System.InvalidOperationException: UpdatePendingStatus can only be called during the handling of Start, Stop, Pause and Continue commands.
   at System.ServiceProcess.ServiceBase.RequestAdditionalTime(Int32)
   at WinSW.WrapperService.SignalPending()
   at WinSW.WrapperService.DoStop()
   at WinSW.WrapperService.OnShutdown()
2025-05-16T22:52:39.691 DEBUG console - Starting WinSW in service mode.
2025-05-16T22:52:39.752 INFO  service - Starting D:\workspace\hmdp-front\nginx-1.18.0\nginx.exe
2025-05-16T22:52:40.147 INFO  service - Started process nginx (8912).
2025-05-16T22:52:40.199 INFO  service - Service started successfully.
2025-05-17T00:05:52.166 INFO  service - Stopping nginx
2025-05-17T00:05:52.174 ERROR service - Failed to shut down service.
System.InvalidOperationException: UpdatePendingStatus can only be called during the handling of Start, Stop, Pause and Continue commands.
   at System.ServiceProcess.ServiceBase.RequestAdditionalTime(Int32)
   at WinSW.WrapperService.SignalPending()
   at WinSW.WrapperService.DoStop()
   at WinSW.WrapperService.OnShutdown()
2025-05-17T13:53:10.029 DEBUG console - Starting WinSW in service mode.
2025-05-17T13:53:10.085 INFO  service - Starting D:\workspace\hmdp-front\nginx-1.18.0\nginx.exe
2025-05-17T13:53:10.587 INFO  service - Started process nginx (9164).
2025-05-17T13:53:10.639 INFO  service - Service started successfully.
2025-05-17T14:36:54.033 INFO  service - Stopping nginx
2025-05-17T14:36:54.048 ERROR service - Failed to shut down service.
System.InvalidOperationException: UpdatePendingStatus can only be called during the handling of Start, Stop, Pause and Continue commands.
   at System.ServiceProcess.ServiceBase.RequestAdditionalTime(Int32)
   at WinSW.WrapperService.SignalPending()
   at WinSW.WrapperService.DoStop()
   at WinSW.WrapperService.OnShutdown()
2025-05-17T14:37:20.776 DEBUG console - Starting WinSW in service mode.
2025-05-17T14:37:20.832 INFO  service - Starting D:\workspace\hmdp-front\nginx-1.18.0\nginx.exe
2025-05-17T14:37:21.297 INFO  service - Started process nginx (8420).
2025-05-17T14:37:21.345 INFO  service - Service started successfully.
2025-05-17T14:38:05.403 DEBUG console - Starting WinSW in service mode.
2025-05-17T14:38:05.471 INFO  service - Starting D:\workspace\hmdp-front\nginx-1.18.0\nginx.exe
2025-05-17T14:38:05.969 INFO  service - Started process nginx (8604).
2025-05-17T14:38:06.032 INFO  service - Service started successfully.
2025-05-17T14:39:19.540 INFO  service - Stopping nginx
2025-05-17T14:39:19.552 ERROR service - Failed to shut down service.
System.InvalidOperationException: UpdatePendingStatus can only be called during the handling of Start, Stop, Pause and Continue commands.
   at System.ServiceProcess.ServiceBase.RequestAdditionalTime(Int32)
   at WinSW.WrapperService.SignalPending()
   at WinSW.WrapperService.DoStop()
   at WinSW.WrapperService.OnShutdown()
2025-05-17T14:39:45.086 DEBUG console - Starting WinSW in service mode.
2025-05-17T14:39:45.151 INFO  service - Starting D:\workspace\hmdp-front\nginx-1.18.0\nginx.exe
2025-05-17T14:39:45.692 INFO  service - Started process nginx (8540).
2025-05-17T14:39:45.734 INFO  service - Service started successfully.
2025-05-17T20:01:37.352 DEBUG console - Starting WinSW in service mode.
2025-05-17T20:01:37.428 INFO  service - Starting D:\workspace\hmdp-front\nginx-1.18.0\nginx.exe
2025-05-17T20:01:38.046 INFO  service - Started process nginx (9324).
2025-05-17T20:01:38.090 INFO  service - Service started successfully.
2025-05-18T06:03:54.628 INFO  service - Stopping nginx
2025-05-18T06:03:54.637 ERROR service - Failed to shut down service.
System.InvalidOperationException: UpdatePendingStatus can only be called during the handling of Start, Stop, Pause and Continue commands.
   at System.ServiceProcess.ServiceBase.RequestAdditionalTime(Int32)
   at WinSW.WrapperService.SignalPending()
   at WinSW.WrapperService.DoStop()
   at WinSW.WrapperService.OnShutdown()
2025-05-18T10:11:50.316 DEBUG console - Starting WinSW in service mode.
2025-05-18T10:11:50.380 INFO  service - Starting D:\workspace\hmdp-front\nginx-1.18.0\nginx.exe
2025-05-18T10:11:50.865 INFO  service - Started process nginx (8920).
2025-05-18T10:11:50.927 INFO  service - Service started successfully.
2025-05-18T15:34:01.728 INFO  service - Stopping nginx
2025-05-18T15:34:01.733 ERROR service - Failed to shut down service.
System.InvalidOperationException: UpdatePendingStatus can only be called during the handling of Start, Stop, Pause and Continue commands.
   at System.ServiceProcess.ServiceBase.RequestAdditionalTime(Int32)
   at WinSW.WrapperService.SignalPending()
   at WinSW.WrapperService.DoStop()
   at WinSW.WrapperService.OnShutdown()
2025-05-18T15:39:28.535 DEBUG console - Starting WinSW in service mode.
2025-05-18T15:39:28.598 INFO  service - Starting D:\workspace\hmdp-front\nginx-1.18.0\nginx.exe
2025-05-18T15:39:29.076 INFO  service - Started process nginx (8928).
2025-05-18T15:39:29.140 INFO  service - Service started successfully.
2025-05-18T15:42:12.890 INFO  service - Stopping nginx
2025-05-18T15:42:12.899 ERROR service - Failed to shut down service.
System.InvalidOperationException: UpdatePendingStatus can only be called during the handling of Start, Stop, Pause and Continue commands.
   at System.ServiceProcess.ServiceBase.RequestAdditionalTime(Int32)
   at WinSW.WrapperService.SignalPending()
   at WinSW.WrapperService.DoStop()
   at WinSW.WrapperService.OnShutdown()
2025-05-18T22:19:45.306 DEBUG console - Starting WinSW in service mode.
2025-05-18T22:19:45.370 INFO  service - Starting D:\workspace\hmdp-front\nginx-1.18.0\nginx.exe
2025-05-18T22:19:45.883 INFO  service - Started process nginx (8976).
2025-05-18T22:19:45.942 INFO  service - Service started successfully.
2025-05-18T23:58:57.277 INFO  service - Stopping nginx
2025-05-18T23:58:57.286 ERROR service - Failed to shut down service.
System.InvalidOperationException: UpdatePendingStatus can only be called during the handling of Start, Stop, Pause and Continue commands.
   at System.ServiceProcess.ServiceBase.RequestAdditionalTime(Int32)
   at WinSW.WrapperService.SignalPending()
   at WinSW.WrapperService.DoStop()
   at WinSW.WrapperService.OnShutdown()
2025-05-19T08:43:40.293 DEBUG console - Starting WinSW in service mode.
2025-05-19T08:43:40.370 INFO  service - Starting D:\workspace\hmdp-front\nginx-1.18.0\nginx.exe
2025-05-19T08:43:40.898 INFO  service - Started process nginx (9040).
2025-05-19T08:43:40.961 INFO  service - Service started successfully.
2025-05-19T15:05:57.745 INFO  service - Stopping nginx
2025-05-19T15:05:57.759 ERROR service - Failed to shut down service.
System.InvalidOperationException: UpdatePendingStatus can only be called during the handling of Start, Stop, Pause and Continue commands.
   at System.ServiceProcess.ServiceBase.RequestAdditionalTime(Int32)
   at WinSW.WrapperService.SignalPending()
   at WinSW.WrapperService.DoStop()
   at WinSW.WrapperService.OnShutdown()
2025-05-20T02:29:28.906 DEBUG console - Starting WinSW in service mode.
2025-05-20T02:29:29.006 INFO  service - Starting D:\workspace\hmdp-front\nginx-1.18.0\nginx.exe
2025-05-20T02:29:29.600 INFO  service - Started process nginx (8628).
2025-05-20T02:29:29.677 INFO  service - Service started successfully.
2025-05-20T04:15:22.591 INFO  service - Stopping nginx
2025-05-20T04:15:22.605 ERROR service - Failed to shut down service.
System.InvalidOperationException: UpdatePendingStatus can only be called during the handling of Start, Stop, Pause and Continue commands.
   at System.ServiceProcess.ServiceBase.RequestAdditionalTime(Int32)
   at WinSW.WrapperService.SignalPending()
   at WinSW.WrapperService.DoStop()
   at WinSW.WrapperService.OnShutdown()
2025-05-20T13:27:12.371 DEBUG console - Starting WinSW in service mode.
2025-05-20T13:27:12.434 INFO  service - Starting D:\workspace\hmdp-front\nginx-1.18.0\nginx.exe
2025-05-20T13:27:12.922 INFO  service - Started process nginx (9060).
2025-05-20T13:27:12.979 INFO  service - Service started successfully.
2025-05-20T21:30:16.788 INFO  service - Stopping nginx
2025-05-20T21:30:16.803 ERROR service - Failed to shut down service.
System.InvalidOperationException: UpdatePendingStatus can only be called during the handling of Start, Stop, Pause and Continue commands.
   at System.ServiceProcess.ServiceBase.RequestAdditionalTime(Int32)
   at WinSW.WrapperService.SignalPending()
   at WinSW.WrapperService.DoStop()
   at WinSW.WrapperService.OnShutdown()
2025-05-20T21:30:44.898 DEBUG console - Starting WinSW in service mode.
2025-05-20T21:30:44.978 INFO  service - Starting D:\workspace\hmdp-front\nginx-1.18.0\nginx.exe
2025-05-20T21:30:45.466 INFO  service - Started process nginx (9232).
2025-05-20T21:30:45.518 INFO  service - Service started successfully.
2025-05-20T21:31:09.476 INFO  service - Stopping nginx
2025-05-20T21:31:09.490 ERROR service - Failed to shut down service.
System.InvalidOperationException: UpdatePendingStatus can only be called during the handling of Start, Stop, Pause and Continue commands.
   at System.ServiceProcess.ServiceBase.RequestAdditionalTime(Int32)
   at WinSW.WrapperService.SignalPending()
   at WinSW.WrapperService.DoStop()
   at WinSW.WrapperService.OnShutdown()
2025-05-21T09:20:15.145 DEBUG console - Starting WinSW in service mode.
2025-05-21T09:20:15.216 INFO  service - Starting D:\workspace\hmdp-front\nginx-1.18.0\nginx.exe
2025-05-21T09:20:15.825 INFO  service - Started process nginx (8404).
2025-05-21T09:20:15.875 INFO  service - Service started successfully.
